{"numTotalTestSuites":129,"numPassedTestSuites":104,"numFailedTestSuites":25,"numPendingTestSuites":0,"numTotalTests":297,"numPassedTests":269,"numFailedTests":28,"numPendingTests":0,"numTodoTests":0,"snapshot":{"added":0,"failure":false,"filesAdded":0,"filesRemoved":0,"filesRemovedList":[],"filesUnmatched":0,"filesUpdated":0,"matched":0,"total":0,"unchecked":0,"uncheckedKeysByFile":[],"unmatched":0,"updated":0,"didUpdate":false},"startTime":1773854276243,"success":false,"testResults":[{"assertionResults":[],"startTime":1773854276243,"endTime":1773854276243,"status":"failed","message":"No test suite found in file E:/code/quantmind/electron/src/stores/backtestCenterStore.test.ts","name":"E:/code/quantmind/electron/src/stores/backtestCenterStore.test.ts"},{"assertionResults":[{"ancestorTitles":["CandlestickChart","渲染测试"],"fullName":"CandlestickChart 渲染测试 应该正常渲染图表","status":"passed","title":"应该正常渲染图表","duration":18.237199999999575,"failureMessages":[],"meta":{}},{"ancestorTitles":["CandlestickChart","渲染测试"],"fullName":"CandlestickChart 渲染测试 应该显示股票代码","status":"passed","title":"应该显示股票代码","duration":2.686100000000806,"failureMessages":[],"meta":{}},{"ancestorTitles":["CandlestickChart","渲染测试"],"fullName":"CandlestickChart 渲染测试 应该显示加载状态","status":"passed","title":"应该显示加载状态","duration":67.2478000000001,"failureMessages":[],"meta":{}},{"ancestorTitles":["CandlestickChart","渲染测试"],"fullName":"CandlestickChart 渲染测试 应该显示错误状态","status":"passed","title":"应该显示错误状态","duration":21.808399999999892,"failureMessages":[],"meta":{}},{"ancestorTitles":["CandlestickChart","渲染测试"],"fullName":"CandlestickChart 渲染测试 应该显示空数据状态","status":"passed","title":"应该显示空数据状态","duration":9.267899999999827,"failureMessages":[],"meta":{}},{"ancestorTitles":["CandlestickChart","配置测试"],"fullName":"CandlestickChart 配置测试 应该使用自定义高度","status":"passed","title":"应该使用自定义高度","duration":17.394400000000132,"failureMessages":[],"meta":{}},{"ancestorTitles":["CandlestickChart","配置测试"],"fullName":"CandlestickChart 配置测试 应该支持不显示成交量","status":"passed","title":"应该支持不显示成交量","duration":1.5041999999994005,"failureMessages":[],"meta":{}},{"ancestorTitles":["CandlestickChart","配置测试"],"fullName":"CandlestickChart 配置测试 应该支持不显示数据缩放","status":"passed","title":"应该支持不显示数据缩放","duration":1.0671000000002095,"failureMessages":[],"meta":{}},{"ancestorTitles":["CandlestickChart","配置测试"],"fullName":"CandlestickChart 配置测试 应该支持深色主题","status":"passed","title":"应该支持深色主题","duration":1.1024999999999636,"failureMessages":[],"meta":{}},{"ancestorTitles":["CandlestickChart","配置测试"],"fullName":"CandlestickChart 配置测试 应该支持浅色主题","status":"passed","title":"应该支持浅色主题","duration":1.1122999999997774,"failureMessages":[],"meta":{}},{"ancestorTitles":["CandlestickChart","指标测试"],"fullName":"CandlestickChart 指标测试 应该支持MA指标","status":"passed","title":"应该支持MA指标","duration":0.863100000000486,"failureMessages":[],"meta":{}},{"ancestorTitles":["CandlestickChart","指标测试"],"fullName":"CandlestickChart 指标测试 应该支持多条MA线","status":"passed","title":"应该支持多条MA线","duration":0.9385999999994965,"failureMessages":[],"meta":{}},{"ancestorTitles":["CandlestickChart","回调测试"],"fullName":"CandlestickChart 回调测试 应该支持dataZoom回调","status":"passed","title":"应该支持dataZoom回调","duration":0.8670000000001892,"failureMessages":[],"meta":{}},{"ancestorTitles":["CandlestickChart","回调测试"],"fullName":"CandlestickChart 回调测试 应该支持点击回调","status":"passed","title":"应该支持点击回调","duration":0.8377000000000407,"failureMessages":[],"meta":{}},{"ancestorTitles":["CandlestickChart","数据处理测试"],"fullName":"CandlestickChart 数据处理测试 应该处理单条数据","status":"passed","title":"应该处理单条数据","duration":0.7380000000002838,"failureMessages":[],"meta":{}},{"ancestorTitles":["CandlestickChart","数据处理测试"],"fullName":"CandlestickChart 数据处理测试 应该处理大量数据","status":"passed","title":"应该处理大量数据","duration":1.6291000000001077,"failureMessages":[],"meta":{}},{"ancestorTitles":["CandlestickChart","数据处理测试"],"fullName":"CandlestickChart 数据处理测试 应该处理undefined数据","status":"passed","title":"应该处理undefined数据","duration":5.039799999999559,"failureMessages":[],"meta":{}}],"startTime":1773854282303,"endTime":1773854282457.0398,"status":"passed","message":"","name":"E:/code/quantmind/electron/src/components/__tests__/CandlestickChart.test.tsx"},{"assertionResults":[{"ancestorTitles":["IndicatorPanel","渲染测试"],"fullName":"IndicatorPanel 渲染测试 应该渲染RSI面板","status":"passed","title":"应该渲染RSI面板","duration":134.8800000000001,"failureMessages":[],"meta":{}},{"ancestorTitles":["IndicatorPanel","渲染测试"],"fullName":"IndicatorPanel 渲染测试 应该渲染MACD面板","status":"passed","title":"应该渲染MACD面板","duration":35.490600000000086,"failureMessages":[],"meta":{}},{"ancestorTitles":["IndicatorPanel","渲染测试"],"fullName":"IndicatorPanel 渲染测试 应该渲染KDJ面板","status":"passed","title":"应该渲染KDJ面板","duration":24.894899999999325,"failureMessages":[],"meta":{}},{"ancestorTitles":["IndicatorPanel","渲染测试"],"fullName":"IndicatorPanel 渲染测试 应该显示股票代码","status":"passed","title":"应该显示股票代码","duration":22.691400000000613,"failureMessages":[],"meta":{}},{"ancestorTitles":["IndicatorPanel","信号测试"],"fullName":"IndicatorPanel 信号测试 RSI超买应该显示红色标签","status":"passed","title":"RSI超买应该显示红色标签","duration":22.619700000000194,"failureMessages":[],"meta":{}},{"ancestorTitles":["IndicatorPanel","信号测试"],"fullName":"IndicatorPanel 信号测试 RSI超卖应该显示绿色标签","status":"passed","title":"RSI超卖应该显示绿色标签","duration":26.961499999999432,"failureMessages":[],"meta":{}},{"ancestorTitles":["IndicatorPanel","信号测试"],"fullName":"IndicatorPanel 信号测试 RSI中性应该显示蓝色标签","status":"passed","title":"RSI中性应该显示蓝色标签","duration":20.4359000000004,"failureMessages":[],"meta":{}},{"ancestorTitles":["IndicatorPanel","信号测试"],"fullName":"IndicatorPanel 信号测试 MACD强势应该显示红色标签","status":"passed","title":"MACD强势应该显示红色标签","duration":25.819400000000314,"failureMessages":[],"meta":{}},{"ancestorTitles":["IndicatorPanel","信号测试"],"fullName":"IndicatorPanel 信号测试 MACD弱势应该显示绿色标签","status":"passed","title":"MACD弱势应该显示绿色标签","duration":18.133100000000013,"failureMessages":[],"meta":{}},{"ancestorTitles":["IndicatorPanel","信号测试"],"fullName":"IndicatorPanel 信号测试 KDJ超买应该显示红色标签","status":"passed","title":"KDJ超买应该显示红色标签","duration":26.346999999999753,"failureMessages":[],"meta":{}},{"ancestorTitles":["IndicatorPanel","信号测试"],"fullName":"IndicatorPanel 信号测试 KDJ超卖应该显示绿色标签","status":"passed","title":"KDJ超卖应该显示绿色标签","duration":17.901600000000144,"failureMessages":[],"meta":{}},{"ancestorTitles":["IndicatorPanel","配置测试"],"fullName":"IndicatorPanel 配置测试 应该显示配置选项","status":"passed","title":"应该显示配置选项","duration":17.825399999999718,"failureMessages":[],"meta":{}},{"ancestorTitles":["IndicatorPanel","配置测试"],"fullName":"IndicatorPanel 配置测试 应该隐藏配置选项","status":"passed","title":"应该隐藏配置选项","duration":9.309200000000601,"failureMessages":[],"meta":{}},{"ancestorTitles":["IndicatorPanel","配置测试"],"fullName":"IndicatorPanel 配置测试 应该使用自定义高度","status":"passed","title":"应该使用自定义高度","duration":13.603699999999662,"failureMessages":[],"meta":{}},{"ancestorTitles":["IndicatorPanel","配置测试"],"fullName":"IndicatorPanel 配置测试 应该支持深色主题","status":"passed","title":"应该支持深色主题","duration":16.29780000000028,"failureMessages":[],"meta":{}},{"ancestorTitles":["IndicatorPanel","配置测试"],"fullName":"IndicatorPanel 配置测试 应该支持浅色主题","status":"passed","title":"应该支持浅色主题","duration":22.489000000000487,"failureMessages":[],"meta":{}},{"ancestorTitles":["IndicatorPanel","参数配置测试"],"fullName":"IndicatorPanel 参数配置测试 应该显示RSI周期配置","status":"passed","title":"应该显示RSI周期配置","duration":13.633200000000215,"failureMessages":[],"meta":{}},{"ancestorTitles":["IndicatorPanel","参数配置测试"],"fullName":"IndicatorPanel 参数配置测试 应该显示MACD参数配置","status":"passed","title":"应该显示MACD参数配置","duration":14.739599999999882,"failureMessages":[],"meta":{}},{"ancestorTitles":["IndicatorPanel","参数配置测试"],"fullName":"IndicatorPanel 参数配置测试 应该显示KDJ参数配置","status":"passed","title":"应该显示KDJ参数配置","duration":20.03229999999985,"failureMessages":[],"meta":{}},{"ancestorTitles":["IndicatorPanel","回调测试"],"fullName":"IndicatorPanel 回调测试 应该触发配置变更回调","status":"passed","title":"应该触发配置变更回调","duration":17.647500000000036,"failureMessages":[],"meta":{}},{"ancestorTitles":["IndicatorPanel","数据处理测试"],"fullName":"IndicatorPanel 数据处理测试 应该处理空数据","status":"passed","title":"应该处理空数据","duration":20.44340000000011,"failureMessages":[],"meta":{}},{"ancestorTitles":["IndicatorPanel","数据处理测试"],"fullName":"IndicatorPanel 数据处理测试 应该处理单条数据","status":"passed","title":"应该处理单条数据","duration":15.399400000000242,"failureMessages":[],"meta":{}},{"ancestorTitles":["IndicatorPanel","数据处理测试"],"fullName":"IndicatorPanel 数据处理测试 应该处理大量数据","status":"passed","title":"应该处理大量数据","duration":14.78060000000005,"failureMessages":[],"meta":{}},{"ancestorTitles":["IndicatorPanel","图表配置测试"],"fullName":"IndicatorPanel 图表配置测试 RSI应该显示超买超卖线","status":"passed","title":"RSI应该显示超买超卖线","duration":14.613299999999981,"failureMessages":[],"meta":{}},{"ancestorTitles":["IndicatorPanel","图表配置测试"],"fullName":"IndicatorPanel 图表配置测试 MACD应该显示标题","status":"passed","title":"MACD应该显示标题","duration":16.224500000000262,"failureMessages":[],"meta":{}},{"ancestorTitles":["IndicatorPanel","图表配置测试"],"fullName":"IndicatorPanel 图表配置测试 KDJ应该显示标题","status":"passed","title":"KDJ应该显示标题","duration":25.293499999999767,"failureMessages":[],"meta":{}}],"startTime":1773854283661,"endTime":1773854284291.2935,"status":"passed","message":"","name":"E:/code/quantmind/electron/src/components/__tests__/IndicatorPanel.test.tsx"},{"assertionResults":[{"ancestorTitles":["RealtimeQuote"],"fullName":"RealtimeQuote 应该渲染股票代码","status":"passed","title":"应该渲染股票代码","duration":174.6297999999997,"failureMessages":[],"meta":{}},{"ancestorTitles":["RealtimeQuote"],"fullName":"RealtimeQuote 应该显示价格","status":"passed","title":"应该显示价格","duration":60.6824000000006,"failureMessages":[],"meta":{}},{"ancestorTitles":["RealtimeQuote"],"fullName":"RealtimeQuote 应该显示涨跌额和涨跌幅","status":"passed","title":"应该显示涨跌额和涨跌幅","duration":61.162100000000464,"failureMessages":[],"meta":{}},{"ancestorTitles":["RealtimeQuote"],"fullName":"RealtimeQuote 应该显示详细信息","status":"passed","title":"应该显示详细信息","duration":55.40869999999995,"failureMessages":[],"meta":{}},{"ancestorTitles":["RealtimeQuote"],"fullName":"RealtimeQuote 应该隐藏详细信息","status":"passed","title":"应该隐藏详细信息","duration":36.54349999999977,"failureMessages":[],"meta":{}},{"ancestorTitles":["RealtimeQuote"],"fullName":"RealtimeQuote 应该显示刷新按钮","status":"passed","title":"应该显示刷新按钮","duration":168.73590000000058,"failureMessages":[],"meta":{}},{"ancestorTitles":["RealtimeQuote"],"fullName":"RealtimeQuote 应该隐藏刷新按钮","status":"passed","title":"应该隐藏刷新按钮","duration":50.860500000000684,"failureMessages":[],"meta":{}},{"ancestorTitles":["RealtimeQuote"],"fullName":"RealtimeQuote 应该显示加载状态","status":"failed","title":"应该显示加载状态","duration":3.48490000000038,"failureMessages":["Error: Cannot find module '../../stores/market-store'\nRequire stack:\n- E:\\code\\quantmind\\electron\\src\\components\\__tests__\\RealtimeQuote.test.tsx\n    at Module._resolveFilename (node:internal/modules/cjs/loader:1421:15)\n    at defaultResolveImpl (node:internal/modules/cjs/loader:1059:19)\n    at resolveForCJSWithHooks (node:internal/modules/cjs/loader:1064:22)\n    at Module._load (node:internal/modules/cjs/loader:1227:37)\n    at TracingChannel.traceSync (node:diagnostics_channel:328:14)\n    at wrapModuleLoad (node:internal/modules/cjs/loader:245:24)\n    at Module.require (node:internal/modules/cjs/loader:1504:12)\n    at require (node:internal/modules/helpers:152:16)\n    at E:/code/quantmind/electron/src/components/__tests__/RealtimeQuote.test.tsx:119:32\n    at file:///E:/code/quantmind/node_modules/@vitest/runner/dist/index.js:145:11"],"meta":{}},{"ancestorTitles":["RealtimeQuote"],"fullName":"RealtimeQuote 应该显示错误状态","status":"failed","title":"应该显示错误状态","duration":0.8483999999998559,"failureMessages":["Error: Cannot find module '../../stores/market-store'\nRequire stack:\n- E:\\code\\quantmind\\electron\\src\\components\\__tests__\\RealtimeQuote.test.tsx\n    at Module._resolveFilename (node:internal/modules/cjs/loader:1421:15)\n    at defaultResolveImpl (node:internal/modules/cjs/loader:1059:19)\n    at resolveForCJSWithHooks (node:internal/modules/cjs/loader:1064:22)\n    at Module._load (node:internal/modules/cjs/loader:1227:37)\n    at TracingChannel.traceSync (node:diagnostics_channel:328:14)\n    at wrapModuleLoad (node:internal/modules/cjs/loader:245:24)\n    at Module.require (node:internal/modules/cjs/loader:1504:12)\n    at require (node:internal/modules/helpers:152:16)\n    at E:/code/quantmind/electron/src/components/__tests__/RealtimeQuote.test.tsx:133:32\n    at file:///E:/code/quantmind/node_modules/@vitest/runner/dist/index.js:145:11"],"meta":{}},{"ancestorTitles":["RealtimeQuote"],"fullName":"RealtimeQuote 应该显示无数据状态","status":"failed","title":"应该显示无数据状态","duration":0.9161000000003696,"failureMessages":["Error: Cannot find module '../../stores/market-store'\nRequire stack:\n- E:\\code\\quantmind\\electron\\src\\components\\__tests__\\RealtimeQuote.test.tsx\n    at Module._resolveFilename (node:internal/modules/cjs/loader:1421:15)\n    at defaultResolveImpl (node:internal/modules/cjs/loader:1059:19)\n    at resolveForCJSWithHooks (node:internal/modules/cjs/loader:1064:22)\n    at Module._load (node:internal/modules/cjs/loader:1227:37)\n    at TracingChannel.traceSync (node:diagnostics_channel:328:14)\n    at wrapModuleLoad (node:internal/modules/cjs/loader:245:24)\n    at Module.require (node:internal/modules/cjs/loader:1504:12)\n    at require (node:internal/modules/helpers:152:16)\n    at E:/code/quantmind/electron/src/components/__tests__/RealtimeQuote.test.tsx:148:32\n    at file:///E:/code/quantmind/node_modules/@vitest/runner/dist/index.js:145:11"],"meta":{}},{"ancestorTitles":["RealtimeQuote"],"fullName":"RealtimeQuote 应该处理点击事件","status":"passed","title":"应该处理点击事件","duration":45.51959999999963,"failureMessages":[],"meta":{}},{"ancestorTitles":["RealtimeQuote"],"fullName":"RealtimeQuote 应该使用正确的颜色显示涨跌","status":"passed","title":"应该使用正确的颜色显示涨跌","duration":57.34940000000006,"failureMessages":[],"meta":{}},{"ancestorTitles":["RealtimeQuote"],"fullName":"RealtimeQuote 应该显示下跌股票的正确颜色","status":"failed","title":"应该显示下跌股票的正确颜色","duration":1.3852999999999156,"failureMessages":["Error: Cannot find module '../../stores/market-store'\nRequire stack:\n- E:\\code\\quantmind\\electron\\src\\components\\__tests__\\RealtimeQuote.test.tsx\n    at Module._resolveFilename (node:internal/modules/cjs/loader:1421:15)\n    at defaultResolveImpl (node:internal/modules/cjs/loader:1059:19)\n    at resolveForCJSWithHooks (node:internal/modules/cjs/loader:1064:22)\n    at Module._load (node:internal/modules/cjs/loader:1227:37)\n    at TracingChannel.traceSync (node:diagnostics_channel:328:14)\n    at wrapModuleLoad (node:internal/modules/cjs/loader:245:24)\n    at Module.require (node:internal/modules/cjs/loader:1504:12)\n    at require (node:internal/modules/helpers:152:16)\n    at E:/code/quantmind/electron/src/components/__tests__/RealtimeQuote.test.tsx:191:32\n    at file:///E:/code/quantmind/node_modules/@vitest/runner/dist/index.js:145:11"],"meta":{}},{"ancestorTitles":["RealtimeQuote"],"fullName":"RealtimeQuote 应该格式化成交量","status":"failed","title":"应该格式化成交量","duration":1055.9224999999997,"failureMessages":["Error: Unable to find an element with the text: 0.50亿. This could be because the text is broken up by multiple elements. In this case, you can provide a function for your text matcher to make your matcher more flexible.\n\nIgnored nodes: comments, script, style\n\u001b[36m<body>\u001b[39m\n  \u001b[36m<div>\u001b[39m\n    \u001b[36m<div\u001b[39m\n      \u001b[33mclass\u001b[39m=\u001b[32m\"ant-card ant-card-bordered css-dev-only-do-not-override-198drv2\"\u001b[39m\n      \u001b[33mstyle\u001b[39m=\u001b[32m\"cursor: default;\"\u001b[39m\n    \u001b[36m>\u001b[39m\n      \u001b[36m<div\u001b[39m\n        \u001b[33mclass\u001b[39m=\u001b[32m\"ant-card-body\"\u001b[39m\n      \u001b[36m>\u001b[39m\n        \u001b[36m<div\u001b[39m\n          \u001b[33mstyle\u001b[39m=\u001b[32m\"display: flex; justify-content: space-between; align-items: center; margin-bottom: 16px;\"\u001b[39m\n        \u001b[36m>\u001b[39m\n          \u001b[36m<div>\u001b[39m\n            \u001b[36m<h3\u001b[39m\n              \u001b[33mstyle\u001b[39m=\u001b[32m\"margin: 0px; font-size: 20px; font-weight: bold;\"\u001b[39m\n            \u001b[36m>\u001b[39m\n              \u001b[0mAAPL\u001b[0m\n            \u001b[36m</h3>\u001b[39m\n            \u001b[36m<div\u001b[39m\n              \u001b[33mstyle\u001b[39m=\u001b[32m\"font-size: 12px; color: rgb(153, 153, 153); margin-top: 4px;\"\u001b[39m\n            \u001b[36m>\u001b[39m\n              \u001b[36m<span\u001b[39m\n                \u001b[33maria-label\u001b[39m=\u001b[32m\"clock-circle\"\u001b[39m\n                \u001b[33mclass\u001b[39m=\u001b[32m\"anticon anticon-clock-circle\"\u001b[39m\n                \u001b[33mrole\u001b[39m=\u001b[32m\"img\"\u001b[39m\n              \u001b[36m>\u001b[39m\n                \u001b[36m<svg\u001b[39m\n                  \u001b[33maria-hidden\u001b[39m=\u001b[32m\"true\"\u001b[39m\n                  \u001b[33mdata-icon\u001b[39m=\u001b[32m\"clock-circle\"\u001b[39m\n                  \u001b[33mfill\u001b[39m=\u001b[32m\"currentColor\"\u001b[39m\n                  \u001b[33mfocusable\u001b[39m=\u001b[32m\"false\"\u001b[39m\n                  \u001b[33mheight\u001b[39m=\u001b[32m\"1em\"\u001b[39m\n                  \u001b[33mviewBox\u001b[39m=\u001b[32m\"64 64 896 896\"\u001b[39m\n                  \u001b[33mwidth\u001b[39m=\u001b[32m\"1em\"\u001b[39m\n                \u001b[36m>\u001b[39m\n                  \u001b[36m<path\u001b[39m\n                    \u001b[33md\u001b[39m=\u001b[32m\"M512 64C264.6 64 64 264.6 64 512s200.6 448 448 448 448-200.6 448-448S759.4 64 512 64zm0 820c-205.4 0-372-166.6-372-372s166.6-372 372-372 372 166.6 372 372-166.6 372-372 372z\"\u001b[39m\n                  \u001b[36m/>\u001b[39m\n                  \u001b[36m<path\u001b[39m\n                    \u001b[33md\u001b[39m=\u001b[32m\"M686.7 638.6L544.1 535.5V288c0-4.4-3.6-8-8-8H488c-4.4 0-8 3.6-8 8v275.4c0 2.6 1.2 5 3.3 6.5l165.4 120.6c3.6 2.6 8.6 1.8 11.2-1.7l28.6-39c2.6-3.7 1.8-8.7-1.8-11.2z\"\u001b[39m\n                  \u001b[36m/>\u001b[39m\n                \u001b[36m</svg>\u001b[39m\n              \u001b[36m</span>\u001b[39m\n              \u001b[0m \u001b[0m\n              \u001b[0m01:18:03\u001b[0m\n            \u001b[36m</div>\u001b[39m\n          \u001b[36m</div>\u001b[39m\n          \u001b[36m<button\u001b[39m\n            \u001b[33mclass\u001b[39m=\u001b[32m\"ant-btn css-dev-only-do-not-override-198drv2 ant-btn-default ant-btn-color-default ant-btn-variant-outlined ant-btn-sm ant-btn-icon-only\"\u001b[39m\n            \u001b[33mtype\u001b[39m=\u001b[32m\"button\"\u001b[39m\n          \u001b[36m>\u001b[39m\n            \u001b[36m<span\u001b[39m\n              \u001b[33mclass\u001b[39m=\u001b[32m\"ant-btn-icon\"\u001b[39m\n            \u001b[36m>\u001b[39m\n              \u001b[36m<span\u001b[39m\n                \u001b[33maria-label\u001b[39m=\u001b[32m\"reload\"\u001b[39m\n                \u001b[33mclass\u001b[39m=\u001b[32m\"anticon anticon-reload\"\u001b[39m\n                \u001b[33mrole\u001b[39m=\u001b[32m\"img\"\u001b[39m\n              \u001b[36m>\u001b[39m\n                \u001b[36m<svg\u001b[39m\n                  \u001b[33maria-hidden\u001b[39m=\u001b[32m\"true\"\u001b[39m\n                  \u001b[33mdata-icon\u001b[39m=\u001b[32m\"reload\"\u001b[39m\n                  \u001b[33mfill\u001b[39m=\u001b[32m\"currentColor\"\u001b[39m\n                  \u001b[33mfocusable\u001b[39m=\u001b[32m\"false\"\u001b[39m\n                  \u001b[33mheight\u001b[39m=\u001b[32m\"1em\"\u001b[39m\n                  \u001b[33mviewBox\u001b[39m=\u001b[32m\"64 64 896 896\"\u001b[39m\n                  \u001b[33mwidth\u001b[39m=\u001b[32m\"1em\"\u001b[39m\n                \u001b[36m>\u001b[39m\n                  \u001b[36m<path\u001b[39m\n                    \u001b[33md\u001b[39m=\u001b[32m\"M909.1 209.3l-56.4 44.1C775.8 155.1 656.2 92 521.9 92 290 92 102.3 279.5 102 511.5 101.7 743.7 289.8 932 521.9 932c181.3 0 335.8-115 394.6-276.1 1.5-4.2-.7-8.9-4.9-10.3l-56.7-19.5a8 8 0 00-10.1 4.8c-1.8 5-3.8 10-5.9 14.9-17.3 41-42.1 77.8-73.7 109.4A344.77 344.77 0 01655.9 829c-42.3 17.9-87.4 27-133.8 27-46.5 0-91.5-9.1-133.8-27A341.5 341.5 0 01279 755.2a342.16 342.16 0 01-73.7-109.4c-17.9-42.4-27-87.4-27-133.9s9.1-91.5 27-133.9c17.3-41 42.1-77.8 73.7-109.4 31.6-31.6 68.4-56.4 109.3-73.8 42.3-17.9 87.4-27 133.8-27 46.5 0 91.5 9.1 133.8 27a341.5 341.5 0 01109.3 73.8c9.9 9.9 19.2 20.4 27.8 31.4l-60.2 47a8 8 0 003 14.1l175.6 43c5 1.2 9.9-2.6 9.9-7.7l.8-180.9c-.1-6.6-7.8-10.3-13-6.2z\"\u001b[39m\n                  \u001b[36m/>\u001b[39m\n                \u001b[36m</svg>\u001b[39m\n              \u001b[36m</span>\u001b[39m\n            \u001b[36m</span>\u001b[39m\n          \u001b[36m</button>\u001b[39m\n        \u001b[36m</div>\u001b[39m\n        \u001b[36m<div\u001b[39m\n          \u001b[33mclass\u001b[39m=\u001b[32m\"ant-row css-dev-only-do-not-override-198drv2\"\u001b[39m\n          \u001b[33mstyle\u001b[39m=\u001b[32m\"margin-left: -8px; margin-right: -8px; margin-bottom: 16px;\"\u001b[39m\n        \u001b[36m>\u001b[39m\n          \u001b[36m<div\u001b[39m\n            \u001b[33mclass\u001b[39m=\u001b[32m\"ant-col ant-col-12 css-dev-only-do-not-override-198drv2\"\u001b[39m\n            \u001b[33mstyle\u001b[39m=\u001b[32m\"padding-left: 8px; padding-right: 8px;\"\u001b[39m\n          \u001b[36m>\u001b[39m\n            \u001b[36m<div\u001b[39m\n              \u001b[33mstyle\u001b[39m=\u001b[32m\"font-size: 32px; font-weight: bold; color: rgb(207, 19, 34); transition: all 0.3s; transform: scale(1);\"\u001b[39m\n            \u001b[36m>\u001b[39m\n              \u001b[0m¥\u001b[0m\n              \u001b[0m150.25\u001b[0m\n            \u001b[36m</div>\u001b[39m\n          \u001b[36m</div>\u001b[39m\n          \u001b[36m<div\u001b[39m\n            \u001b[33mclass\u001b[39m=\u001b[32m\"ant-col ant-col-12 css-dev-only-do-not-override-198drv2\"\u001b[39m\n            \u001b[33mstyle\u001b[39m=\u001b[32m\"padding-left: 8px; padding-right: 8px; text-align: right;\"\u001b[39m\n          \u001b[36m>\u001b[39m\n            \u001b[36m<div\u001b[39m\n              \u001b[33mstyle\u001b[39m=\u001b[32m\"margin-bottom: 8px;\"\u001b[39m\n            \u001b[36m>\u001b[39m\n              \u001b[36m<span\u001b[39m\n                \u001b[33mclass\u001b[39m=\u001b[32m\"ant-tag ant-tag-red css-dev-only-do-not-override-198drv2\"\u001b[39m\n                \u001b[33mstyle\u001b[39m=\u001b[32m\"font-size: 16px; padding: 4px 12px;\"\u001b[39m\n              \u001b[36m>\u001b[39m\n                \u001b[36m<span\u001b[39m\n                  \u001b[33maria-label\u001b[39m=\u001b[32m\"arrow-up\"\u001b[39m\n                  \u001b[33mclass\u001b[39m=\u001b[32m\"anticon anticon-arrow-up\"\u001b[39m\n                  \u001b[33mrole\u001b[39m=\u001b[32m\"img\"\u001b[39m\n                \u001b[36m>\u001b[39m\n                  \u001b[36m<svg\u001b[39m\n                    \u001b[33maria-hidden\u001b[39m=\u001b[32m\"true\"\u001b[39m\n                    \u001b[33mdata-icon\u001b[39m=\u001b[32m\"arrow-up\"\u001b[39m\n                    \u001b[33mfill\u001b[39m=\u001b[32m\"currentColor\"\u001b[39m\n                    \u001b[33mfocusable\u001b[39m=\u001b[32m\"false\"\u001b[39m\n                    \u001b[33mheight\u001b[39m=\u001b[32m\"1em\"\u001b[39m\n                    \u001b[33mviewBox\u001b[39m=\u001b[32m\"64 64 896 896\"\u001b[39m\n                    \u001b[33mwidth\u001b[39m=\u001b[32m\"1em\"\u001b[39m\n                  \u001b[36m>\u001b[39m\n                    \u001b[36m<path\u001b[39m\n                      \u001b[33md\u001b[39m=\u001b[32m\"M868 545.5L536.1 163a31.96 31.96 0 00-48.3 0L156 545.5a7.97 7.97 0 006 13.2h81c4.6 0 9-2 12.1-5.5L474 300.9V864c0 4.4 3.6 8 8 8h60c4.4 0 8-3.6 8-8V300.9l218.9 252.3c3 3.5 7.4 5.5 12.1 5.5h81c6.8 0 10.5-8 6-13.2z\"\u001b[39m\n                    \u001b[36m/>\u001b[39m\n                  \u001b[36m</svg>\u001b[39m\n                \u001b[36m</span>\u001b[39m\n                \u001b[36m<span>\u001b[39m\n                  \u001b[0m+\u001b[0m\n                  \u001b[0m2.50\u001b[0m\n                \u001b[36m</span>\u001b[39m\n              \u001b[36m</span>\u001b[39m\n            \u001b[36m</div>\u001b[39m\n            \u001b[36m<div>\u001b[39m\n              \u001b[36m<span\u001b[39m\n                \u001b[33mclass\u001b[39m=\u001b[32m\"ant-tag ant-tag-red css-dev-only-do-not-override-198drv2\"\u001b[39m\n                \u001b[33mstyle\u001b[39m=\u001b[32m\"font-size: 14px; padding: 2px 8px;\"\u001b[39m\n              \u001b[36m>\u001b[39m\n                \u001b[0m+1.69%\u001b[0m\n              \u001b[36m</span>\u001b[39m\n            \u001b[36m</div>\u001b[39m\n          \u001b[36m</div>\u001b[39m\n        \u001b[36m</div>\u001b[39m\n        \u001b[36m<div\u001b[39m\n          \u001b[33mstyle\u001b[39m=\u001b[32m\"background-color: rgb(255, 241, 240); border-radius: 8px; padding: 16px;\"\u001b[39m\n        \u001b[36m>\u001b[39m\n          \u001b[36m<div\u001b[39m\n            \u001b[33mclass\u001b[39m=\u001b[32m\"ant-row css-dev-only-do-not-override-198drv2\"\u001b[39m\n            \u001b[33mstyle\u001b[39m=\u001b[32m\"margin-left: -8px; margin-right: -8px; row-gap: 16px;\"\u001b[39m\n          \u001b[36m>\u001b[39m\n            \u001b[36m<div\u001b[39m\n              \u001b[33mclass\u001b[39m=\u001b[32m\"ant-col ant-col-12 css-dev-only-do-not-override-198drv2\"\u001b[39m\n              \u001b[33mstyle\u001b[39m=\u001b[32m\"padding-left: 8px; padding-right: 8px;\"\u001b[39m\n            \u001b[36m>\u001b[39m\n              \u001b[36m<div\u001b[39m\n                \u001b[33mclass\u001b[39m=\u001b[32m\"ant-statistic css-dev-only-do-not-override-198drv2\"\u001b[39m\n              \u001b[36m>\u001b[39m\n                \u001b[36m<div\u001b[39m\n                  \u001b[33mclass\u001b[39m=\u001b[32m\"ant-statistic-title\"\u001b[39m\n                \u001b[36m>\u001b[39m\n                  \u001b[0m开盘价\u001b[0m\n                \u001b[36m</div>\u001b[39m\n                \u001b[36m<div\u001b[39m\n                  \u001b[33mclass\u001b[39m=\u001b[32m\"ant-statistic-content\"\u001b[39m\n                  \u001b[33mstyle\u001b[39m=\u001b[32m\"font-size: 16px;\"\u001b[39m\n                \u001b[36m>\u001b[39m\n                  \u001b[36m<span\u001b[39m\n                    \u001b[33mclass\u001b[39m=\u001b[32m\"ant-statistic-content-value\"\u001b[39m\n                  \u001b[36m>\u001b[39m\n                    \u001b[36m<span\u001b[39m\n                      \u001b[33mclass\u001b[39m=\u001b[32m\"ant-statistic-content-value-int\"\u001b[39m\n                    \u001b[36m>\u001b[39m\n                      \u001b[0m148\u001b[0m\n                    \u001b[36m</span>\u001b[39m\n                    \u001b[36m<span\u001b[39m\n                      \u001b[33mclass\u001b[39m=\u001b[32m\"ant-statistic-content-value-decimal\"\u001b[39m\n                    \u001b[36m>\u001b[39m\n                      \u001b[0m.00\u001b[0m\n                    \u001b[36m</span>\u001b[39m\n                  \u001b[36m</span>\u001b[39m\n                \u001b[36m</div>\u001b[39m\n              \u001b[36m</div>\u001b[39m\n            \u001b[36m</div>\u001b[39m\n            \u001b[36m<div\u001b[39m\n              \u001b[33mclass\u001b[39m=\u001b[32m\"ant-col ant-col-12 css-dev-only-do-not-override-198drv2\"\u001b[39m\n              \u001b[33mstyle\u001b[39m=\u001b[32m\"padding-left: 8px; padding-right: 8px;\"\u001b[39m\n            \u001b[36m>\u001b[39m\n              \u001b[36m<div\u001b[39m\n                \u001b[33mclass\u001b[39m=\u001b[32m\"ant-statistic css-dev-only-do-not-override-198drv2\"\u001b[39m\n              \u001b[36m>\u001b[39m\n                \u001b[36m<div\u001b[39m\n                  \u001b[33mclass\u001b[39m=\u001b[32m\"ant-statistic-title\"\u001b[39m\n                \u001b[36m>\u001b[39m\n                  \u001b[0m收盘价\u001b[0m\n                \u001b[36m</div>\u001b[39m\n                \u001b[36m<div\u001b[39m\n                  \u001b[33mclass\u001b[39m=\u001b[32m\"ant-statistic-content\"\u001b[39m\n                  \u001b[33mstyle\u001b[39m=\u001b[32m\"font-size: 16px;\"\u001b[39m\n                \u001b[36m>\u001b[39m\n                  \u001b[36m<span\u001b[39m\n                    \u001b[33mclass\u001b[39m=\u001b[32m\"ant-statistic-content-value\"\u001b[39m\n                  \u001b[36m>\u001b[39m\n                    \u001b[36m<span\u001b[39m\n                      \u001b[33mclass\u001b[39m=\u001b[32m\"ant-statistic-content-value-int\"\u001b[39m\n                    \u001b[36m>\u001b[39m\n                      \u001b[0m150\u001b[0m\n                    \u001b[36m</span>\u001b[39m\n                    \u001b[36m<span\u001b[39m\n                      \u001b[33mclass\u001b[39m=\u001b[32m\"ant-statistic-content-value-decimal\"\u001b[39m\n                    \u001b[36m>\u001b[39m\n                      \u001b[0m.25\u001b[0m\n                    \u001b[36m</span>\u001b[39m\n                  \u001b[36m</span>\u001b[39m\n                \u001b[36m</div>\u001b[39m\n              \u001b[36m</div>\u001b[39m\n            \u001b[36m</div>\u001b[39m\n            \u001b[36m<div\u001b[39m\n              \u001b[33mclass\u001b[39m=\u001b[32m\"ant-col ant-col-12 css-dev-only-do-not-override-198drv2\"\u001b[39m\n              \u001b[33mstyle\u001b[39m=\u001b[32m\"padding-left: 8px; padding-right: 8px;\"\u001b[39m\n            \u001b[36m>\u001b[39m\n              \u001b[36m<div\u001b[39m\n                \u001b[33mclass\u001b[39m=\u001b[32m\"ant-statistic css-dev-only-do-not-override-198drv2\"\u001b[39m\n              \u001b[36m>\u001b[39m\n                \u001b[36m<div\u001b[39m\n                  \u001b[33mclass\u001b[39m=\u001b[32m\"ant-statistic-title\"\u001b[39m\n                \u001b[36m>\u001b[39m\n                  \u001b[0m最高价\u001b[0m\n                \u001b[36m</div>\u001b[39m\n                \u001b[36m<div\u001b[39m\n                  \u001b[33mclass\u001b[39m=\u001b[32m\"ant-statistic-content\"\u001b[39m\n                  \u001b[33mstyle\u001b[39m=\u001b[32m\"font-size: 16px; color: rgb(207, 19, 34);\"\u001b[39m\n                \u001b[36m>\u001b[39m\n                  \u001b[36m<span\u001b[39m\n                    \u001b[33mclass\u001b[39m=\u001b[32m\"ant-statistic-content-value\"\u001b[39m\n                  \u001b[36m>\u001b[39m\n                    \u001b[36m<span\u001b[39m\n                      \u001b[33mclass\u001b[39m=\u001b[32m\"ant-statistic-content-value-int\"\u001b[39m\n                    \u001b[36m>\u001b[39m\n                      \u001b[0m151\u001b[0m\n                    \u001b[36m</span>\u001b[39m\n                    \u001b[36m<span\u001b[39m\n                      \u001b[33mclass\u001b[39m=\u001b[32m\"ant-statistic-content-value-decimal\"\u001b[39m\n                    \u001b[36m>\u001b[39m\n                      \u001b[0m.00\u001b[0m\n                    \u001b[36m</span>\u001b[39m\n                  \u001b[36m</span>\u001b[39m\n                \u001b[36m</div>\u001b[39m\n              \u001b[36m</div>\u001b[39m\n            \u001b[36m</div>\u001b[39m\n            \u001b[36m<div\u001b[39m\n              \u001b[33mclass\u001b[39m=\u001b[32m\"ant-col ant-col-12 css-dev-only-do-not-override-198drv2\"\u001b[39m\n              \u001b[33mstyle\u001b[39m=\u001b[32m\"padding-left: 8px; padding-right: 8px;\"\u001b[39m\n            \u001b[36m>\u001b[39m\n              \u001b[36m<div\u001b[39m\n                \u001b[33mclass\u001b[39m=\u001b[32m\"ant-statistic css-dev-only-do-not-override-198drv2\"\u001b[39m\n              \u001b[36m>\u001b[39m\n                \u001b[36m<div\u001b[39m\n                  \u001b[33mclass\u001b[39m=\u001b[32m\"ant-statistic-title\"\u001b[39m\n                \u001b[36m>\u001b[39m\n                  \u001b[0m最低价\u001b[0m\n                \u001b[36m</div>\u001b[39m\n                \u001b[36m<div\u001b[39m\n                  \u001b[33mclass\u001b[39m=\u001b[32m\"ant-statistic-content\"\u001b[39m\n                  \u001b[33mstyle\u001b[39m=\u001b[32m\"font-size: 16px; color: rgb(63, 134, 0);\"\u001b[39m\n                \u001b[36m>\u001b[39m\n                  \u001b[36m<span\u001b[39m\n                    \u001b[33mclass\u001b[39m=\u001b[32m\"ant-statistic-content-value\"\u001b[39m\n                  \u001b[36m>\u001b[39m\n                    \u001b[36m<span\u001b[39m\n                      \u001b[33mclass\u001b[39m=\u001b[32m\"ant-statistic-content-value-int\"\u001b[39m\n                    \u001b[36m>\u001b[39m\n                      \u001b[0m147\u001b[0m\n                    \u001b[36m</span>\u001b[39m\n                    \u001b[36m<span\u001b[39m\n                      \u001b[33mclass\u001b[39m=\u001b[32m\"ant-statistic-content-value-decimal\"\u001b[39m\n                    \u001b[36m>\u001b[39m\n                      \u001b[0m.50\u001b[0m\n                    \u001b[36m</span>\u001b[39m\n                  \u001b[36m</span>\u001b[39m\n                \u001b[36m</div>\u001b[39m\n              \u001b[36m</div>\u001b[39m\n            \u001b[36m</div>\u001b[39m\n            \u001b[36m<div\u001b[39m\n              \u001b[33mclass\u001b[39m=\u001b[32m\"ant-col ant-col-12 css-dev-only-do-not-override-198drv2\"\u001b[39m\n              \u001b[33mstyle\u001b[39m=\u001b[32m\"padding-left: 8px; padding-right: 8px;\"\u001b[39m\n            \u001b[36m>\u001b[39m\n              \u001b[36m<div\u001b[39m\n                \u001b[33mclass\u001b[39m=\u001b[32m\"ant-statistic css-dev-only-do-not-override-198drv2\"\u001b[39m\n              \u001b[36m>\u001b[39m\n                \u001b[36m<div\u001b[39m\n                  \u001b[33mclass\u001b[39m=\u001b[32m\"ant-statistic-title\"\u001b[39m\n                \u001b[36m>\u001b[39m\n                  \u001b[0m成交量\u001b[0m\n                \u001b[36m</div>\u001b[39m\n                \u001b[36m<div\u001b[39m\n                  \u001b[33mclass\u001b[39m=\u001b[32m\"ant-statistic-content\"\u001b[39m\n                  \u001b[33mstyle\u001b[39m=\u001b[32m\"font-size: 16px;\"\u001b[39m\n                \u001b[36m>\u001b[39m\n                  \u001b[36m<span\u001b[39m\n                    \u001b[33mclass\u001b[39m=\u001b[32m\"ant-statistic-content-value\"\u001b[39m\n                  \u001b[36m>\u001b[39m\n                    \u001b[0m5000.00万\u001b[0m\n                  \u001b[36m</span>\u001b[39m\n                \u001b[36m</div>\u001b[39m\n              \u001b[36m</div>\u001b[39m\n            \u001b[36m</div>\u001b[39m\n            \u001b[36m<div\u001b[39m\n              \u001b[33mclass\u001b[39m=\u001b[32m\"ant-col ant-col-12 css-dev-only-do-not-override-198drv2\"\u001b[39m\n              \u001b[33mstyle\u001b[39m=\u001b[32m\"padding-left: 8px; padding-right: 8px;\"\u001b[39m\n            \u001b[36m>\u001b[39m\n              \u001b[36m<div\u001b[39m\n                \u001b[33mclass\u001b[39m=\u001b[32m\"ant-statistic css-dev-only-do-not-override-198drv2\"\u001b[39m\n              \u001b[36m>\u001b[39m\n                \u001b[36m<div\u001b[39m\n                  \u001b[33mclass\u001b[39m=\u001b[32m\"ant-statistic-title\"\u001b[39m\n                \u001b[36m>\u001b[39m\n                  \u001b[0m成交额\u001b[0m\n                \u001b[36m</div>\u001b[39m\n                \u001b[36m<div\u001b[39m\n                  \u001b[33mclass\u001b[39m=\u001b[32m\"ant-statistic-content\"\u001b[39m\n                  \u001b[33mstyle\u001b[39m=\u001b[32m\"font-size: 16px;\"\u001b[39m\n                \u001b[36m>\u001b[39m\n                  \u001b[36m<span\u001b[39m\n                    \u001b[33mclass\u001b[39m=\u001b[32m\"ant-statistic-content-value\"\u001b[39m\n                  \u001b[36m>\u001b[39m\n                    \u001b[0m75.00亿\u001b[0m\n                  \u001b[36m</span>\u001b[39m\n                \u001b[36m</div>\u001b[39m\n              \u001b[36m</div>\u001b[39m\n            \u001b[36m</div>\u001b[39m\n          \u001b[36m</div>\u001b[39m\n        \u001b[36m</div>\u001b[39m\n      \u001b[36m</div>\u001b[39m\n    \u001b[36m</div>\u001b[39m\n  \u001b[36m</div>\u001b[39m\n\u001b[36m</body>\u001b[39m\n    at Proxy.waitForWrapper (E:\\code\\quantmind\\node_modules\\@testing-library\\dom\\dist\\wait-for.js:163:27)\n    at E:/code/quantmind/electron/src/components/__tests__/RealtimeQuote.test.tsx:210:11\n    at file:///E:/code/quantmind/node_modules/@vitest/runner/dist/index.js:145:11\n    at file:///E:/code/quantmind/node_modules/@vitest/runner/dist/index.js:919:26\n    at file:///E:/code/quantmind/node_modules/@vitest/runner/dist/index.js:1244:20\n    at new Promise (<anonymous>)\n    at runWithTimeout (file:///E:/code/quantmind/node_modules/@vitest/runner/dist/index.js:1210:10)\n    at file:///E:/code/quantmind/node_modules/@vitest/runner/dist/index.js:1654:37\n    at Traces.$ (file:///E:/code/quantmind/node_modules/vitest/dist/chunks/traces.U4xDYhzZ.js:115:27)\n    at trace (file:///E:/code/quantmind/node_modules/vitest/dist/chunks/test.DqQZzsWf.js:234:21)"],"meta":{}},{"ancestorTitles":["RealtimeQuote"],"fullName":"RealtimeQuote 应该显示更新时间","status":"failed","title":"应该显示更新时间","duration":1.113599999998769,"failureMessages":["Error: Cannot find module '../../hooks/useDataRefresh'\nRequire stack:\n- E:\\code\\quantmind\\electron\\src\\components\\__tests__\\RealtimeQuote.test.tsx\n    at Module._resolveFilename (node:internal/modules/cjs/loader:1421:15)\n    at defaultResolveImpl (node:internal/modules/cjs/loader:1059:19)\n    at resolveForCJSWithHooks (node:internal/modules/cjs/loader:1064:22)\n    at Module._load (node:internal/modules/cjs/loader:1227:37)\n    at TracingChannel.traceSync (node:diagnostics_channel:328:14)\n    at wrapModuleLoad (node:internal/modules/cjs/loader:245:24)\n    at Module.require (node:internal/modules/cjs/loader:1504:12)\n    at require (node:internal/modules/helpers:152:16)\n    at E:/code/quantmind/electron/src/components/__tests__/RealtimeQuote.test.tsx:218:32\n    at file:///E:/code/quantmind/node_modules/@vitest/runner/dist/index.js:145:11"],"meta":{}},{"ancestorTitles":["RealtimeQuote"],"fullName":"RealtimeQuote 应该支持自定义样式","status":"failed","title":"应该支持自定义样式","duration":1036.1792000000005,"failureMessages":["Error: \u001b[2mexpect(\u001b[22m\u001b[31melement\u001b[39m\u001b[2m).toHaveStyle()\u001b[22m\n\n\u001b[32m- Expected\u001b[39m\n\n\u001b[32m- backgroundColor: red;\u001b[39m\n\u001b[2m  width: 500px;\u001b[22m\n\nIgnored nodes: comments, script, style\n\u001b[36m<html>\u001b[39m\n  \u001b[36m<head />\u001b[39m\n  \u001b[36m<body>\u001b[39m\n    \u001b[36m<div>\u001b[39m\n      \u001b[36m<div\u001b[39m\n        \u001b[33mclass\u001b[39m=\u001b[32m\"ant-card ant-card-bordered css-dev-only-do-not-override-198drv2\"\u001b[39m\n        \u001b[33mstyle\u001b[39m=\u001b[32m\"background-color: red; width: 500px; cursor: default;\"\u001b[39m\n      \u001b[36m>\u001b[39m\n        \u001b[36m<div\u001b[39m\n          \u001b[33mclass\u001b[39m=\u001b[32m\"ant-card-body\"\u001b[39m\n        \u001b[36m>\u001b[39m\n          \u001b[36m<div\u001b[39m\n            \u001b[33mstyle\u001b[39m=\u001b[32m\"display: flex; justify-content: space-between; align-items: center; margin-bottom: 16px;\"\u001b[39m\n          \u001b[36m>\u001b[39m\n            \u001b[36m<div>\u001b[39m\n              \u001b[36m<h3\u001b[39m\n                \u001b[33mstyle\u001b[39m=\u001b[32m\"margin: 0px; font-size: 20px; font-weight: bold;\"\u001b[39m\n              \u001b[36m>\u001b[39m\n                \u001b[0mAAPL\u001b[0m\n              \u001b[36m</h3>\u001b[39m\n              \u001b[36m<div\u001b[39m\n                \u001b[33mstyle\u001b[39m=\u001b[32m\"font-size: 12px; color: rgb(153, 153, 153); margin-top: 4px;\"\u001b[39m\n              \u001b[36m>\u001b[39m\n                \u001b[36m<span\u001b[39m\n                  \u001b[33maria-label\u001b[39m=\u001b[32m\"clock-circle\"\u001b[39m\n                  \u001b[33mclass\u001b[39m=\u001b[32m\"anticon anticon-clock-circle\"\u001b[39m\n                  \u001b[33mrole\u001b[39m=\u001b[32m\"img\"\u001b[39m\n                \u001b[36m>\u001b[39m\n                  \u001b[36m<svg\u001b[39m\n                    \u001b[33maria-hidden\u001b[39m=\u001b[32m\"true\"\u001b[39m\n                    \u001b[33mdata-icon\u001b[39m=\u001b[32m\"clock-circle\"\u001b[39m\n                    \u001b[33mfill\u001b[39m=\u001b[32m\"currentColor\"\u001b[39m\n                    \u001b[33mfocusable\u001b[39m=\u001b[32m\"false\"\u001b[39m\n                    \u001b[33mheight\u001b[39m=\u001b[32m\"1em\"\u001b[39m\n                    \u001b[33mviewBox\u001b[39m=\u001b[32m\"64 64 896 896\"\u001b[39m\n                    \u001b[33mwidth\u001b[39m=\u001b[32m\"1em\"\u001b[39m\n                  \u001b[36m>\u001b[39m\n                    \u001b[36m<path\u001b[39m\n                      \u001b[33md\u001b[39m=\u001b[32m\"M512 64C264.6 64 64 264.6 64 512s200.6 448 448 448 448-200.6 448-448S759.4 64 512 64zm0 820c-205.4 0-372-166.6-372-372s166.6-372 372-372 372 166.6 372 372-166.6 372-372 372z\"\u001b[39m\n                    \u001b[36m/>\u001b[39m\n                    \u001b[36m<path\u001b[39m\n                      \u001b[33md\u001b[39m=\u001b[32m\"M686.7 638.6L544.1 535.5V288c0-4.4-3.6-8-8-8H488c-4.4 0-8 3.6-8 8v275.4c0 2.6 1.2 5 3.3 6.5l165.4 120.6c3.6 2.6 8.6 1.8 11.2-1.7l28.6-39c2.6-3.7 1.8-8.7-1.8-11.2z\"\u001b[39m\n                    \u001b[36m/>\u001b[39m\n                  \u001b[36m</svg>\u001b[39m\n                \u001b[36m</span>\u001b[39m\n                \u001b[0m \u001b[0m\n                \u001b[0m01:18:04\u001b[0m\n              \u001b[36m</div>\u001b[39m\n            \u001b[36m</div>\u001b[39m\n            \u001b[36m<button\u001b[39m\n              \u001b[33mclass\u001b[39m=\u001b[32m\"ant-btn css-dev-only-do-not-override-198drv2 ant-btn-default ant-btn-color-default ant-btn-variant-outlined ant-btn-sm ant-btn-icon-only\"\u001b[39m\n              \u001b[33mtype\u001b[39m=\u001b[32m\"button\"\u001b[39m\n            \u001b[36m>\u001b[39m\n              \u001b[36m<span\u001b[39m\n                \u001b[33mclass\u001b[39m=\u001b[32m\"ant-btn-icon\"\u001b[39m\n              \u001b[36m>\u001b[39m\n                \u001b[36m<span\u001b[39m\n                  \u001b[33maria-label\u001b[39m=\u001b[32m\"reload\"\u001b[39m\n                  \u001b[33mclass\u001b[39m=\u001b[32m\"anticon anticon-reload\"\u001b[39m\n                  \u001b[33mrole\u001b[39m=\u001b[32m\"img\"\u001b[39m\n                \u001b[36m>\u001b[39m\n                  \u001b[36m<svg\u001b[39m\n                    \u001b[33maria-hidden\u001b[39m=\u001b[32m\"true\"\u001b[39m\n                    \u001b[33mdata-icon\u001b[39m=\u001b[32m\"reload\"\u001b[39m\n                    \u001b[33mfill\u001b[39m=\u001b[32m\"currentColor\"\u001b[39m\n                    \u001b[33mfocusable\u001b[39m=\u001b[32m\"false\"\u001b[39m\n                    \u001b[33mheight\u001b[39m=\u001b[32m\"1em\"\u001b[39m\n                    \u001b[33mviewBox\u001b[39m=\u001b[32m\"64 64 896 896\"\u001b[39m\n                    \u001b[33mwidth\u001b[39m=\u001b[32m\"1em\"\u001b[39m\n                  \u001b[36m>\u001b[39m\n                    \u001b[36m<path\u001b[39m\n                      \u001b[33md\u001b[39m=\u001b[32m\"M909.1 209.3l-56.4 44.1C775.8 155.1 656.2 92 521.9 92 290 92 102.3 279.5 102 511.5 101.7 743.7 289.8 932 521.9 932c181.3 0 335.8-115 394.6-276.1 1.5-4.2-.7-8.9-4.9-10.3l-56.7-19.5a8 8 0 00-10.1 4.8c-1.8 5-3.8 10-5.9 14.9-17.3 41-42.1 77.8-73.7 109.4A344.77 344.77 0 01655.9 829c-42.3 17.9-87.4 27-133.8 27-46.5 0-91.5-9.1-133.8-27A341.5 341.5 0 01279 755.2a342.16 342.16 0 01-73.7-109.4c-17.9-42.4-27-87.4-27-133.9s9.1-91.5 27-133.9c17.3-41 42.1-77.8 73.7-109.4 31.6-31.6 68.4-56.4 109.3-73.8 42.3-17.9 87.4-27 133.8-27 46.5 0 91.5 9.1 133.8 27a341.5 341.5 0 01109.3 73.8c9.9 9.9 19.2 20.4 27.8 31.4l-60.2 47a8 8 0 003 14.1l175.6 43c5 1.2 9.9-2.6 9.9-7.7l.8-180.9c-.1-6.6-7.8-10.3-13-6.2z\"\u001b[39m\n                    \u001b[36m/>\u001b[39m\n                  \u001b[36m</svg>\u001b[39m\n                \u001b[36m</span>\u001b[39m\n              \u001b[36m</span>\u001b[39m\n            \u001b[36m</button>\u001b[39m\n          \u001b[36m</div>\u001b[39m\n          \u001b[36m<div\u001b[39m\n            \u001b[33mclass\u001b[39m=\u001b[32m\"ant-row css-dev-only-do-not-override-198drv2\"\u001b[39m\n            \u001b[33mstyle\u001b[39m=\u001b[32m\"margin-left: -8px; margin-right: -8px; margin-bottom: 16px;\"\u001b[39m\n          \u001b[36m>\u001b[39m\n            \u001b[36m<div\u001b[39m\n              \u001b[33mclass\u001b[39m=\u001b[32m\"ant-col ant-col-12 css-dev-only-do-not-override-198drv2\"\u001b[39m\n              \u001b[33mstyle\u001b[39m=\u001b[32m\"padding-left: 8px; padding-right: 8px;\"\u001b[39m\n            \u001b[36m>\u001b[39m\n              \u001b[36m<div\u001b[39m\n                \u001b[33mstyle\u001b[39m=\u001b[32m\"font-size: 32px; font-weight: bold; color: rgb(207, 19, 34); transition: all 0.3s; transform: scale(1);\"\u001b[39m\n              \u001b[36m>\u001b[39m\n                \u001b[0m¥\u001b[0m\n                \u001b[0m150.25\u001b[0m\n              \u001b[36m</div>\u001b[39m\n            \u001b[36m</div>\u001b[39m\n            \u001b[36m<div\u001b[39m\n              \u001b[33mclass\u001b[39m=\u001b[32m\"ant-col ant-col-12 css-dev-only-do-not-override-198drv2\"\u001b[39m\n              \u001b[33mstyle\u001b[39m=\u001b[32m\"padding-left: 8px; padding-right: 8px; text-align: right;\"\u001b[39m\n            \u001b[36m>\u001b[39m\n              \u001b[36m<div\u001b[39m\n                \u001b[33mstyle\u001b[39m=\u001b[32m\"margin-bottom: 8px;\"\u001b[39m\n              \u001b[36m>\u001b[39m\n                \u001b[36m<span\u001b[39m\n                  \u001b[33mclass\u001b[39m=\u001b[32m\"ant-tag ant-tag-red css-dev-only-do-not-override-198drv2\"\u001b[39m\n                  \u001b[33mstyle\u001b[39m=\u001b[32m\"font-size: 16px; padding: 4px 12px;\"\u001b[39m\n                \u001b[36m>\u001b[39m\n                  \u001b[36m<span\u001b[39m\n                    \u001b[33maria-label\u001b[39m=\u001b[32m\"arrow-up\"\u001b[39m\n                    \u001b[33mclass\u001b[39m=\u001b[32m\"anticon anticon-arrow-up\"\u001b[39m\n                    \u001b[33mrole\u001b[39m=\u001b[32m\"img\"\u001b[39m\n                  \u001b[36m>\u001b[39m\n                    \u001b[36m<svg\u001b[39m\n                      \u001b[33maria-hidden\u001b[39m=\u001b[32m\"true\"\u001b[39m\n                      \u001b[33mdata-icon\u001b[39m=\u001b[32m\"arrow-up\"\u001b[39m\n                      \u001b[33mfill\u001b[39m=\u001b[32m\"currentColor\"\u001b[39m\n                      \u001b[33mfocusable\u001b[39m=\u001b[32m\"false\"\u001b[39m\n                      \u001b[33mheight\u001b[39m=\u001b[32m\"1em\"\u001b[39m\n                      \u001b[33mviewBox\u001b[39m=\u001b[32m\"64 64 896 896\"\u001b[39m\n                      \u001b[33mwidth\u001b[39m=\u001b[32m\"1em\"\u001b[39m\n                    \u001b[36m>\u001b[39m\n                      \u001b[36m<path\u001b[39m\n                        \u001b[33md\u001b[39m=\u001b[32m\"M868 545.5L536.1 163a31.96 31.96 0 00-48.3 0L156 545.5a7.97 7.97 0 006 13.2h81c4.6 0 9-2 12.1-5.5L474 300.9V864c0 4.4 3.6 8 8 8h60c4.4 0 8-3.6 8-8V300.9l218.9 252.3c3 3.5 7.4 5.5 12.1 5.5h81c6.8 0 10.5-8 6-13.2z\"\u001b[39m\n                      \u001b[36m/>\u001b[39m\n                    \u001b[36...\n    at Proxy.expectWrapper (file:///E:/code/quantmind/node_modules/@vitest/expect/dist/index.js:1819:12)\n    at Proxy.<anonymous> (file:///E:/code/quantmind/node_modules/@vitest/expect/dist/index.js:1090:14)\n    at Proxy.methodWrapper (file:///E:/code/quantmind/node_modules/chai/index.js:1700:25)\n    at E:/code/quantmind/electron/src/components/__tests__/RealtimeQuote.test.tsx:242:20\n    at runWithExpensiveErrorDiagnosticsDisabled (E:\\code\\quantmind\\node_modules\\@testing-library\\dom\\dist\\config.js:47:12)\n    at checkCallback (E:\\code\\quantmind\\node_modules\\@testing-library\\dom\\dist\\wait-for.js:124:77)\n    at Timeout.checkRealTimersCallback (E:\\code\\quantmind\\node_modules\\@testing-library\\dom\\dist\\wait-for.js:118:16)\n    at listOnTimeout (node:internal/timers:605:17)\n    at processTimers (node:internal/timers:541:7)"],"meta":{}},{"ancestorTitles":["RealtimeQuote"],"fullName":"RealtimeQuote 应该阻止点击事件冒泡（刷新按钮）","status":"failed","title":"应该阻止点击事件冒泡（刷新按钮）","duration":1.3395000000000437,"failureMessages":["Error: Cannot find module '../../hooks/useDataRefresh'\nRequire stack:\n- E:\\code\\quantmind\\electron\\src\\components\\__tests__\\RealtimeQuote.test.tsx\n    at Module._resolveFilename (node:internal/modules/cjs/loader:1421:15)\n    at defaultResolveImpl (node:internal/modules/cjs/loader:1059:19)\n    at resolveForCJSWithHooks (node:internal/modules/cjs/loader:1064:22)\n    at Module._load (node:internal/modules/cjs/loader:1227:37)\n    at TracingChannel.traceSync (node:diagnostics_channel:328:14)\n    at wrapModuleLoad (node:internal/modules/cjs/loader:245:24)\n    at Module.require (node:internal/modules/cjs/loader:1504:12)\n    at require (node:internal/modules/helpers:152:16)\n    at E:/code/quantmind/electron/src/components/__tests__/RealtimeQuote.test.tsx:250:32\n    at file:///E:/code/quantmind/node_modules/@vitest/runner/dist/index.js:145:11"],"meta":{}}],"startTime":1773854283073,"endTime":1773854285885.3396,"status":"failed","message":"","name":"E:/code/quantmind/electron/src/components/__tests__/RealtimeQuote.test.tsx"},{"assertionResults":[{"ancestorTitles":["StockList"],"fullName":"StockList 应该渲染股票列表","status":"passed","title":"应该渲染股票列表","duration":463.1365999999998,"failureMessages":[],"meta":{}},{"ancestorTitles":["StockList"],"fullName":"StockList 应该显示价格信息","status":"passed","title":"应该显示价格信息","duration":112.61650000000009,"failureMessages":[],"meta":{}},{"ancestorTitles":["StockList"],"fullName":"StockList 应该显示涨跌幅","status":"passed","title":"应该显示涨跌幅","duration":94.25500000000011,"failureMessages":[],"meta":{}},{"ancestorTitles":["StockList"],"fullName":"StockList 应该支持搜索","status":"passed","title":"应该支持搜索","duration":98.8715000000002,"failureMessages":[],"meta":{}},{"ancestorTitles":["StockList"],"fullName":"StockList 应该支持排序","status":"passed","title":"应该支持排序","duration":157.76599999999962,"failureMessages":[],"meta":{}},{"ancestorTitles":["StockList"],"fullName":"StockList 应该显示刷新按钮","status":"passed","title":"应该显示刷新按钮","duration":83.88720000000012,"failureMessages":[],"meta":{}},{"ancestorTitles":["StockList"],"fullName":"StockList 应该处理点击事件","status":"passed","title":"应该处理点击事件","duration":74.97720000000027,"failureMessages":[],"meta":{}},{"ancestorTitles":["StockList"],"fullName":"StockList 应该显示加载状态","status":"failed","title":"应该显示加载状态","duration":4.5207000000000335,"failureMessages":["Error: Cannot find module '../../stores/market-store'\nRequire stack:\n- E:\\code\\quantmind\\electron\\src\\components\\__tests__\\StockList.test.tsx\n    at Module._resolveFilename (node:internal/modules/cjs/loader:1421:15)\n    at defaultResolveImpl (node:internal/modules/cjs/loader:1059:19)\n    at resolveForCJSWithHooks (node:internal/modules/cjs/loader:1064:22)\n    at Module._load (node:internal/modules/cjs/loader:1227:37)\n    at TracingChannel.traceSync (node:diagnostics_channel:328:14)\n    at wrapModuleLoad (node:internal/modules/cjs/loader:245:24)\n    at Module.require (node:internal/modules/cjs/loader:1504:12)\n    at require (node:internal/modules/helpers:152:16)\n    at E:/code/quantmind/electron/src/components/__tests__/StockList.test.tsx:134:32\n    at file:///E:/code/quantmind/node_modules/@vitest/runner/dist/index.js:145:11"],"meta":{}},{"ancestorTitles":["StockList"],"fullName":"StockList 应该显示错误状态","status":"failed","title":"应该显示错误状态","duration":1.949999999999818,"failureMessages":["Error: Cannot find module '../../stores/market-store'\nRequire stack:\n- E:\\code\\quantmind\\electron\\src\\components\\__tests__\\StockList.test.tsx\n    at Module._resolveFilename (node:internal/modules/cjs/loader:1421:15)\n    at defaultResolveImpl (node:internal/modules/cjs/loader:1059:19)\n    at resolveForCJSWithHooks (node:internal/modules/cjs/loader:1064:22)\n    at Module._load (node:internal/modules/cjs/loader:1227:37)\n    at TracingChannel.traceSync (node:diagnostics_channel:328:14)\n    at wrapModuleLoad (node:internal/modules/cjs/loader:245:24)\n    at Module.require (node:internal/modules/cjs/loader:1504:12)\n    at require (node:internal/modules/helpers:152:16)\n    at E:/code/quantmind/electron/src/components/__tests__/StockList.test.tsx:148:32\n    at file:///E:/code/quantmind/node_modules/@vitest/runner/dist/index.js:145:11"],"meta":{}},{"ancestorTitles":["StockList"],"fullName":"StockList 应该格式化成交量","status":"failed","title":"应该格式化成交量","duration":1070.456400000001,"failureMessages":["Error: Unable to find an element with the text: 0.50亿. This could be because the text is broken up by multiple elements. In this case, you can provide a function for your text matcher to make your matcher more flexible.\n\nIgnored nodes: comments, script, style\n\u001b[36m<body>\u001b[39m\n  \u001b[36m<div>\u001b[39m\n    \u001b[36m<div>\u001b[39m\n      \u001b[36m<div\u001b[39m\n        \u001b[33mclass\u001b[39m=\u001b[32m\"ant-space css-dev-only-do-not-override-198drv2 ant-space-horizontal ant-space-align-center ant-space-gap-row-small ant-space-gap-col-small\"\u001b[39m\n        \u001b[33mstyle\u001b[39m=\u001b[32m\"margin-bottom: 16px; width: 100%; justify-content: space-between;\"\u001b[39m\n      \u001b[36m>\u001b[39m\n        \u001b[36m<div\u001b[39m\n          \u001b[33mclass\u001b[39m=\u001b[32m\"ant-space-item\"\u001b[39m\n        \u001b[36m>\u001b[39m\n          \u001b[36m<div\u001b[39m\n            \u001b[33mclass\u001b[39m=\u001b[32m\"ant-space css-dev-only-do-not-override-198drv2 ant-space-horizontal ant-space-align-center ant-space-gap-row-small ant-space-gap-col-small\"\u001b[39m\n          \u001b[36m>\u001b[39m\n            \u001b[36m<div\u001b[39m\n              \u001b[33mclass\u001b[39m=\u001b[32m\"ant-space-item\"\u001b[39m\n            \u001b[36m>\u001b[39m\n              \u001b[36m<span\u001b[39m\n                \u001b[33mclass\u001b[39m=\u001b[32m\"ant-input-affix-wrapper css-dev-only-do-not-override-198drv2 ant-input-outlined\"\u001b[39m\n                \u001b[33mstyle\u001b[39m=\u001b[32m\"width: 200px;\"\u001b[39m\n              \u001b[36m>\u001b[39m\n                \u001b[36m<span\u001b[39m\n                  \u001b[33mclass\u001b[39m=\u001b[32m\"ant-input-prefix\"\u001b[39m\n                \u001b[36m>\u001b[39m\n                  \u001b[36m<span\u001b[39m\n                    \u001b[33maria-label\u001b[39m=\u001b[32m\"search\"\u001b[39m\n                    \u001b[33mclass\u001b[39m=\u001b[32m\"anticon anticon-search\"\u001b[39m\n                    \u001b[33mrole\u001b[39m=\u001b[32m\"img\"\u001b[39m\n                  \u001b[36m>\u001b[39m\n                    \u001b[36m<svg\u001b[39m\n                      \u001b[33maria-hidden\u001b[39m=\u001b[32m\"true\"\u001b[39m\n                      \u001b[33mdata-icon\u001b[39m=\u001b[32m\"search\"\u001b[39m\n                      \u001b[33mfill\u001b[39m=\u001b[32m\"currentColor\"\u001b[39m\n                      \u001b[33mfocusable\u001b[39m=\u001b[32m\"false\"\u001b[39m\n                      \u001b[33mheight\u001b[39m=\u001b[32m\"1em\"\u001b[39m\n                      \u001b[33mviewBox\u001b[39m=\u001b[32m\"64 64 896 896\"\u001b[39m\n                      \u001b[33mwidth\u001b[39m=\u001b[32m\"1em\"\u001b[39m\n                    \u001b[36m>\u001b[39m\n                      \u001b[36m<path\u001b[39m\n                        \u001b[33md\u001b[39m=\u001b[32m\"M909.6 854.5L649.9 594.8C690.2 542.7 712 479 712 412c0-80.2-31.3-155.4-87.9-212.1-56.6-56.7-132-87.9-212.1-87.9s-155.5 31.3-212.1 87.9C143.2 256.5 112 331.8 112 412c0 80.1 31.3 155.5 87.9 212.1C256.5 680.8 331.8 712 412 712c67 0 130.6-21.8 182.7-62l259.7 259.6a8.2 8.2 0 0011.6 0l43.6-43.5a8.2 8.2 0 000-11.6zM570.4 570.4C528 612.7 471.8 636 412 636s-116-23.3-158.4-65.6C211.3 528 188 471.8 188 412s23.3-116.1 65.6-158.4C296 211.3 352.2 188 412 188s116.1 23.2 158.4 65.6S636 352.2 636 412s-23.3 116.1-65.6 158.4z\"\u001b[39m\n                      \u001b[36m/>\u001b[39m\n                    \u001b[36m</svg>\u001b[39m\n                  \u001b[36m</span>\u001b[39m\n                \u001b[36m</span>\u001b[39m\n                \u001b[36m<input\u001b[39m\n                  \u001b[33mclass\u001b[39m=\u001b[32m\"ant-input css-dev-only-do-not-override-198drv2\"\u001b[39m\n                  \u001b[33mplaceholder\u001b[39m=\u001b[32m\"搜索股票代码\"\u001b[39m\n                  \u001b[33mtype\u001b[39m=\u001b[32m\"text\"\u001b[39m\n                  \u001b[33mvalue\u001b[39m=\u001b[32m\"\"\u001b[39m\n                \u001b[36m/>\u001b[39m\n                \u001b[36m<span\u001b[39m\n                  \u001b[33mclass\u001b[39m=\u001b[32m\"ant-input-suffix\"\u001b[39m\n                \u001b[36m>\u001b[39m\n                  \u001b[36m<button\u001b[39m\n                    \u001b[33mclass\u001b[39m=\u001b[32m\"ant-input-clear-icon ant-input-clear-icon-hidden\"\u001b[39m\n                    \u001b[33mtabindex\u001b[39m=\u001b[32m\"-1\"\u001b[39m\n                    \u001b[33mtype\u001b[39m=\u001b[32m\"button\"\u001b[39m\n                  \u001b[36m>\u001b[39m\n                    \u001b[36m<span\u001b[39m\n                      \u001b[33maria-label\u001b[39m=\u001b[32m\"close-circle\"\u001b[39m\n                      \u001b[33mclass\u001b[39m=\u001b[32m\"anticon anticon-close-circle\"\u001b[39m\n                      \u001b[33mrole\u001b[39m=\u001b[32m\"img\"\u001b[39m\n                    \u001b[36m>\u001b[39m\n                      \u001b[36m<svg\u001b[39m\n                        \u001b[33maria-hidden\u001b[39m=\u001b[32m\"true\"\u001b[39m\n                        \u001b[33mdata-icon\u001b[39m=\u001b[32m\"close-circle\"\u001b[39m\n                        \u001b[33mfill\u001b[39m=\u001b[32m\"currentColor\"\u001b[39m\n                        \u001b[33mfill-rule\u001b[39m=\u001b[32m\"evenodd\"\u001b[39m\n                        \u001b[33mfocusable\u001b[39m=\u001b[32m\"false\"\u001b[39m\n                        \u001b[33mheight\u001b[39m=\u001b[32m\"1em\"\u001b[39m\n                        \u001b[33mviewBox\u001b[39m=\u001b[32m\"64 64 896 896\"\u001b[39m\n                        \u001b[33mwidth\u001b[39m=\u001b[32m\"1em\"\u001b[39m\n                      \u001b[36m>\u001b[39m\n                        \u001b[36m<path\u001b[39m\n                          \u001b[33md\u001b[39m=\u001b[32m\"M512 64c247.4 0 448 200.6 448 448S759.4 960 512 960 64 759.4 64 512 264.6 64 512 64zm127.98 274.82h-.04l-.08.06L512 466.75 384.14 338.88c-.04-.05-.06-.06-.08-.06a.12.12 0 00-.07 0c-.03 0-.05.01-.09.05l-45.02 45.02a.2.2 0 00-.05.09.12.12 0 000 .07v.02a.27.27 0 00.06.06L466.75 512 338.88 639.86c-.05.04-.06.06-.06.08a.12.12 0 000 .07c0 .03.01.05.05.09l45.02 45.02a.2.2 0 00.09.05.12.12 0 00.07 0c.02 0 .04-.01.08-.05L512 557.25l127.86 127.87c.04.04.06.05.08.05a.12.12 0 00.07 0c.03 0 .05-.01.09-.05l45.02-45.02a.2.2 0 00.05-.09.12.12 0 000-.07v-.02a.27.27 0 00-.05-.06L557.25 512l127.87-127.86c.04-.04.05-.06.05-.08a.12.12 0 000-.07c0-.03-.01-.05-.05-.09l-45.02-45.02a.2.2 0 00-.09-.05.12.12 0 00-.07 0z\"\u001b[39m\n                        \u001b[36m/>\u001b[39m\n                      \u001b[36m</svg>\u001b[39m\n                    \u001b[36m</span>\u001b[39m\n                  \u001b[36m</button>\u001b[39m\n                \u001b[36m</span>\u001b[39m\n              \u001b[36m</span>\u001b[39m\n            \u001b[36m</div>\u001b[39m\n            \u001b[36m<div\u001b[39m\n              \u001b[33mclass\u001b[39m=\u001b[32m\"ant-space-item\"\u001b[39m\n            \u001b[36m>\u001b[39m\n              \u001b[36m<div\u001b[39m\n                \u001b[33mclass\u001b[39m=\u001b[32m\"ant-select ant-select-outlined css-dev-only-do-not-override-198drv2 ant-select-single ant-select-show-arrow\"\u001b[39m\n                \u001b[33mstyle\u001b[39m=\u001b[32m\"width: 120px;\"\u001b[39m\n              \u001b[36m>\u001b[39m\n                \u001b[36m<div\u001b[39m\n                  \u001b[33mclass\u001b[39m=\u001b[32m\"ant-select-selector\"\u001b[39m\n                \u001b[36m>\u001b[39m\n                  \u001b[36m<span\u001b[39m\n                    \u001b[33mclass\u001b[39m=\u001b[32m\"ant-select-selection-wrap\"\u001b[39m\n                  \u001b[36m>\u001b[39m\n                    \u001b[36m<span\u001b[39m\n                      \u001b[33mclass\u001b[39m=\u001b[32m\"ant-select-selection-search\"\u001b[39m\n                    \u001b[36m>\u001b[39m\n                      \u001b[36m<input\u001b[39m\n                        \u001b[33maria-autocomplete\u001b[39m=\u001b[32m\"list\"\u001b[39m\n                        \u001b[33maria-controls\u001b[39m=\u001b[32m\"rc_select_TEST_OR_SSR_list\"\u001b[39m\n                        \u001b[33maria-expanded\u001b[39m=\u001b[32m\"false\"\u001b[39m\n                        \u001b[33maria-haspopup\u001b[39m=\u001b[32m\"listbox\"\u001b[39m\n                        \u001b[33maria-owns\u001b[39m=\u001b[32m\"rc_select_TEST_OR_SSR_list\"\u001b[39m\n                        \u001b[33mautocomplete\u001b[39m=\u001b[32m\"off\"\u001b[39m\n                        \u001b[33mclass\u001b[39m=\u001b[32m\"ant-select-selection-search-input\"\u001b[39m\n                        \u001b[33mid\u001b[39m=\u001b[32m\"rc_select_TEST_OR_SSR\"\u001b[39m\n                        \u001b[33mreadonly\u001b[39m=\u001b[32m\"\"\u001b[39m\n                        \u001b[33mrole\u001b[39m=\u001b[32m\"combobox\"\u001b[39m\n                        \u001b[33mstyle\u001b[39m=\u001b[32m\"opacity: 0;\"\u001b[39m\n                        \u001b[33mtype\u001b[39m=\u001b[32m\"search\"\u001b[39m\n                        \u001b[33munselectable\u001b[39m=\u001b[32m\"on\"\u001b[39m\n                        \u001b[33mvalue\u001b[39m=\u001b[32m\"\"\u001b[39m\n           ...\n    at Proxy.waitForWrapper (E:\\code\\quantmind\\node_modules\\@testing-library\\dom\\dist\\wait-for.js:163:27)\n    at E:/code/quantmind/electron/src/components/__tests__/StockList.test.tsx:165:11\n    at file:///E:/code/quantmind/node_modules/@vitest/runner/dist/index.js:145:11\n    at file:///E:/code/quantmind/node_modules/@vitest/runner/dist/index.js:919:26\n    at file:///E:/code/quantmind/node_modules/@vitest/runner/dist/index.js:1244:20\n    at new Promise (<anonymous>)\n    at runWithTimeout (file:///E:/code/quantmind/node_modules/@vitest/runner/dist/index.js:1210:10)\n    at file:///E:/code/quantmind/node_modules/@vitest/runner/dist/index.js:1654:37\n    at Traces.$ (file:///E:/code/quantmind/node_modules/vitest/dist/chunks/traces.U4xDYhzZ.js:115:27)\n    at trace (file:///E:/code/quantmind/node_modules/vitest/dist/chunks/test.DqQZzsWf.js:234:21)"],"meta":{}},{"ancestorTitles":["StockList"],"fullName":"StockList 应该使用正确的颜色显示涨跌","status":"passed","title":"应该使用正确的颜色显示涨跌","duration":60.49399999999878,"failureMessages":[],"meta":{}},{"ancestorTitles":["StockList"],"fullName":"StockList 应该支持分页","status":"passed","title":"应该支持分页","duration":54.27009999999973,"failureMessages":[],"meta":{}},{"ancestorTitles":["StockList"],"fullName":"StockList 应该在加载时禁用某些功能","status":"failed","title":"应该在加载时禁用某些功能","duration":0.9767999999985477,"failureMessages":["Error: Cannot find module '../../stores/market-store'\nRequire stack:\n- E:\\code\\quantmind\\electron\\src\\components\\__tests__\\StockList.test.tsx\n    at Module._resolveFilename (node:internal/modules/cjs/loader:1421:15)\n    at defaultResolveImpl (node:internal/modules/cjs/loader:1059:19)\n    at resolveForCJSWithHooks (node:internal/modules/cjs/loader:1064:22)\n    at Module._load (node:internal/modules/cjs/loader:1227:37)\n    at TracingChannel.traceSync (node:diagnostics_channel:328:14)\n    at wrapModuleLoad (node:internal/modules/cjs/loader:245:24)\n    at Module.require (node:internal/modules/cjs/loader:1504:12)\n    at require (node:internal/modules/helpers:152:16)\n    at E:/code/quantmind/electron/src/components/__tests__/StockList.test.tsx:189:32\n    at file:///E:/code/quantmind/node_modules/@vitest/runner/dist/index.js:145:11"],"meta":{}}],"startTime":1773854283184,"endTime":1773854285461.9768,"status":"failed","message":"","name":"E:/code/quantmind/electron/src/components/__tests__/StockList.test.tsx"},{"assertionResults":[{"ancestorTitles":["useDataRefresh"],"fullName":"useDataRefresh 应该初始化默认值","status":"passed","title":"应该初始化默认值","duration":13.911999999999807,"failureMessages":[],"meta":{}},{"ancestorTitles":["useDataRefresh"],"fullName":"useDataRefresh 应该不立即执行刷新（immediate=false）","status":"passed","title":"应该不立即执行刷新（immediate=false）","duration":2.8328999999998814,"failureMessages":[],"meta":{}},{"ancestorTitles":["useDataRefresh"],"fullName":"useDataRefresh 应该手动刷新","status":"passed","title":"应该手动刷新","duration":3.6766999999999825,"failureMessages":[],"meta":{}},{"ancestorTitles":["useDataRefresh"],"fullName":"useDataRefresh 应该禁用自动刷新","status":"passed","title":"应该禁用自动刷新","duration":1.7993000000001302,"failureMessages":[],"meta":{}},{"ancestorTitles":["useDataRefresh"],"fullName":"useDataRefresh 应该处理刷新错误","status":"passed","title":"应该处理刷新错误","duration":2.5976000000000568,"failureMessages":[],"meta":{}},{"ancestorTitles":["useDataRefresh"],"fullName":"useDataRefresh 应该更新最后刷新时间","status":"passed","title":"应该更新最后刷新时间","duration":6.280899999999747,"failureMessages":[],"meta":{}},{"ancestorTitles":["useDataRefresh"],"fullName":"useDataRefresh 应该在组件卸载时清理","status":"passed","title":"应该在组件卸载时清理","duration":1.307800000000043,"failureMessages":[],"meta":{}}],"startTime":1773854279707,"endTime":1773854279740.3079,"status":"passed","message":"","name":"E:/code/quantmind/electron/src/hooks/__tests__/useDataRefresh.test.ts"},{"assertionResults":[{"ancestorTitles":["useDebounce"],"fullName":"useDebounce 应该返回初始值","status":"passed","title":"应该返回初始值","duration":11.303100000000086,"failureMessages":[],"meta":{}},{"ancestorTitles":["useDebounce"],"fullName":"useDebounce 应该在真实定时器下工作","status":"passed","title":"应该在真实定时器下工作","duration":163.90660000000025,"failureMessages":[],"meta":{}},{"ancestorTitles":["useDebounce"],"fullName":"useDebounce 应该使用自定义延迟时间","status":"passed","title":"应该使用自定义延迟时间","duration":265.4676000000004,"failureMessages":[],"meta":{}},{"ancestorTitles":["useDebouncedCallback"],"fullName":"useDebouncedCallback 应该延迟执行回调","status":"passed","title":"应该延迟执行回调","duration":154.04020000000037,"failureMessages":[],"meta":{}},{"ancestorTitles":["useDebouncedCallback"],"fullName":"useDebouncedCallback 应该取消之前的调用","status":"passed","title":"应该取消之前的调用","duration":214.78200000000015,"failureMessages":[],"meta":{}},{"ancestorTitles":["useThrottle"],"fullName":"useThrottle 应该返回初始值","status":"passed","title":"应该返回初始值","duration":1.0979999999999563,"failureMessages":[],"meta":{}},{"ancestorTitles":["useThrottle"],"fullName":"useThrottle 应该节流更新值","status":"passed","title":"应该节流更新值","duration":152.79259999999977,"failureMessages":[],"meta":{}},{"ancestorTitles":["useThrottledCallback"],"fullName":"useThrottledCallback 应该立即执行第一次调用","status":"passed","title":"应该立即执行第一次调用","duration":1.1921000000002095,"failureMessages":[],"meta":{}},{"ancestorTitles":["useThrottledCallback"],"fullName":"useThrottledCallback 应该节流后续调用","status":"passed","title":"应该节流后续调用","duration":153.9594000000002,"failureMessages":[],"meta":{}}],"startTime":1773854279422,"endTime":1773854280540.9595,"status":"passed","message":"","name":"E:/code/quantmind/electron/src/hooks/__tests__/useDebounce.test.ts"},{"assertionResults":[{"ancestorTitles":["useIntelligenceCharts"],"fullName":"useIntelligenceCharts should fetch all chart data successfully","status":"passed","title":"should fetch all chart data successfully","duration":87.98190000000068,"failureMessages":[],"meta":{}},{"ancestorTitles":["useIntelligenceCharts"],"fullName":"useIntelligenceCharts should handle API errors","status":"passed","title":"should handle API errors","duration":77.41449999999986,"failureMessages":[],"meta":{}},{"ancestorTitles":["useIntelligenceCharts"],"fullName":"useIntelligenceCharts should handle WebSocket chart updates for dailyReturn","status":"passed","title":"should handle WebSocket chart updates for dailyReturn","duration":77.75500000000011,"failureMessages":[],"meta":{}}],"startTime":1773854282355,"endTime":1773854282597.755,"status":"passed","message":"","name":"E:/code/quantmind/electron/src/hooks/__tests__/useIntelligenceCharts.test.tsx"},{"assertionResults":[{"ancestorTitles":["useNotifications"],"fullName":"useNotifications should fetch notifications successfully","status":"passed","title":"should fetch notifications successfully","duration":94.63869999999997,"failureMessages":[],"meta":{}},{"ancestorTitles":["useNotifications"],"fullName":"useNotifications should handle API failure gracefully","status":"passed","title":"should handle API failure gracefully","duration":74.6210000000001,"failureMessages":[],"meta":{}},{"ancestorTitles":["useNotifications"],"fullName":"useNotifications should handle network exception gracefully","status":"passed","title":"should handle network exception gracefully","duration":76.85809999999992,"failureMessages":[],"meta":{}},{"ancestorTitles":["useNotifications"],"fullName":"useNotifications should mark notification as read optimistically","status":"passed","title":"should mark notification as read optimistically","duration":76.9371000000001,"failureMessages":[],"meta":{}},{"ancestorTitles":["useNotifications"],"fullName":"useNotifications should mark all notifications as read optimistically","status":"passed","title":"should mark all notifications as read optimistically","duration":75.16660000000002,"failureMessages":[],"meta":{}},{"ancestorTitles":["useNotifications"],"fullName":"useNotifications should prepend realtime notifications from websocket","status":"passed","title":"should prepend realtime notifications from websocket","duration":79.02160000000003,"failureMessages":[],"meta":{}}],"startTime":1773854279693,"endTime":1773854280171.0215,"status":"passed","message":"","name":"E:/code/quantmind/electron/src/hooks/__tests__/useNotifications.test.tsx"},{"assertionResults":[{"ancestorTitles":["useStrategies"],"fullName":"useStrategies should fetch strategies and calculate stats successfully","status":"passed","title":"should fetch strategies and calculate stats successfully","duration":88.22339999999986,"failureMessages":[],"meta":{}},{"ancestorTitles":["useStrategies"],"fullName":"useStrategies should handle API failure gracefully","status":"passed","title":"should handle API failure gracefully","duration":75.89390000000003,"failureMessages":[],"meta":{}},{"ancestorTitles":["useStrategies"],"fullName":"useStrategies should start strategy with optimistic update and backend call","status":"failed","title":"should start strategy with optimistic update and backend call","duration":81.3407000000002,"failureMessages":["AssertionError: expected 'starting' to be 'running' // Object.is equality\n    at E:/code/quantmind/electron/src/hooks/__tests__/useStrategies.test.tsx:122:35\n    at file:///E:/code/quantmind/node_modules/@vitest/runner/dist/index.js:919:20"],"meta":{}},{"ancestorTitles":["useStrategies"],"fullName":"useStrategies should stop strategy with optimistic update and backend call","status":"failed","title":"should stop strategy with optimistic update and backend call","duration":73.92079999999987,"failureMessages":["AssertionError: expected 'stopped' to be 'paused' // Object.is equality\n    at E:/code/quantmind/electron/src/hooks/__tests__/useStrategies.test.tsx:150:35\n    at file:///E:/code/quantmind/node_modules/@vitest/runner/dist/index.js:919:20"],"meta":{}}],"startTime":1773854279045,"endTime":1773854279363.921,"status":"failed","message":"","name":"E:/code/quantmind/electron/src/hooks/__tests__/useStrategies.test.tsx"},{"assertionResults":[{"ancestorTitles":["useTradeRecords"],"fullName":"useTradeRecords 实盘模式应透传 real 给服务层","status":"passed","title":"实盘模式应透传 real 给服务层","duration":17.767299999999977,"failureMessages":[],"meta":{}},{"ancestorTitles":["useTradeRecords"],"fullName":"useTradeRecords 模拟盘模式应透传 simulation 给服务层","status":"passed","title":"模拟盘模式应透传 simulation 给服务层","duration":2.854400000000169,"failureMessages":[],"meta":{}},{"ancestorTitles":["useTradeRecords"],"fullName":"useTradeRecords autoRefresh=true 时应注册刷新协调器","status":"passed","title":"autoRefresh=true 时应注册刷新协调器","duration":8.730499999999665,"failureMessages":[],"meta":{}}],"startTime":1773854279708,"endTime":1773854279737.7305,"status":"passed","message":"","name":"E:/code/quantmind/electron/src/hooks/__tests__/useTradeRecords.test.tsx"},{"assertionResults":[],"startTime":1773854276243,"endTime":1773854276243,"status":"failed","message":"Cannot read properties of undefined (reading 'interceptors')","name":"E:/code/quantmind/electron/src/services/__tests__/api-client.test.ts"},{"assertionResults":[{"ancestorTitles":["PortfolioService","getDefaultFundData"],"fullName":"PortfolioService getDefaultFundData 应该返回初始资金100万的默认数据","status":"passed","title":"应该返回初始资金100万的默认数据","duration":2.527299999999741,"failureMessages":[],"meta":{}},{"ancestorTitles":["PortfolioService","getFundOverview"],"fullName":"PortfolioService getFundOverview 后端不可用时应该降级到默认数据并标记 isSimulated","status":"passed","title":"后端不可用时应该降级到默认数据并标记 isSimulated","duration":17.706199999999626,"failureMessages":[],"meta":{}},{"ancestorTitles":["PortfolioService","getFundOverview"],"fullName":"PortfolioService getFundOverview 实盘模式下应优先读取 real 账户并正确映射 available_cash","status":"passed","title":"实盘模式下应优先读取 real 账户并正确映射 available_cash","duration":0.5443000000004758,"failureMessages":[],"meta":{}},{"ancestorTitles":["PortfolioService","getFundOverview"],"fullName":"PortfolioService getFundOverview cash=0 时不应回退到 totalAsset","status":"passed","title":"cash=0 时不应回退到 totalAsset","duration":0.33990000000085274,"failureMessages":[],"meta":{}},{"ancestorTitles":["PortfolioService","getFundOverview"],"fullName":"PortfolioService getFundOverview 实盘未上报时应保留实盘口径并显示 0","status":"passed","title":"实盘未上报时应保留实盘口径并显示 0","duration":0.3047000000005937,"failureMessages":[],"meta":{}},{"ancestorTitles":["PortfolioService","getFundOverview"],"fullName":"PortfolioService getFundOverview 模拟盘应优先使用 simulation settings 里的初始资金计算收益率","status":"passed","title":"模拟盘应优先使用 simulation settings 里的初始资金计算收益率","duration":0.27219999999942956,"failureMessages":[],"meta":{}}],"startTime":1773854282281,"endTime":1773854282303.2722,"status":"passed","message":"","name":"E:/code/quantmind/electron/src/services/__tests__/portfolioService.test.ts"},{"assertionResults":[{"ancestorTitles":["strategyService","getStrategies"],"fullName":"strategyService getStrategies should fetch strategies successfully","status":"failed","title":"should fetch strategies successfully","duration":10.23640000000023,"failureMessages":["AssertionError: expected [ { id: '1', …(17) } ] to deeply equal [ { id: '1', …(7) } ]\n    at E:/code/quantmind/electron/src/services/__tests__/strategyService.test.ts:42:35\n    at processTicksAndRejections (node:internal/process/task_queues:103:5)\n    at file:///E:/code/quantmind/node_modules/@vitest/runner/dist/index.js:919:20"],"meta":{}},{"ancestorTitles":["strategyService","getStrategies"],"fullName":"strategyService getStrategies should return mock data on failure","status":"failed","title":"should return mock data on failure","duration":0.9273000000002867,"failureMessages":["Error: Network error\n    at E:/code/quantmind/electron/src/services/__tests__/strategyService.test.ts:47:56\n    at file:///E:/code/quantmind/node_modules/@vitest/runner/dist/index.js:145:11\n    at file:///E:/code/quantmind/node_modules/@vitest/runner/dist/index.js:919:26\n    at file:///E:/code/quantmind/node_modules/@vitest/runner/dist/index.js:1244:20\n    at new Promise (<anonymous>)\n    at runWithTimeout (file:///E:/code/quantmind/node_modules/@vitest/runner/dist/index.js:1210:10)\n    at file:///E:/code/quantmind/node_modules/@vitest/runner/dist/index.js:1654:37\n    at Traces.$ (file:///E:/code/quantmind/node_modules/vitest/dist/chunks/traces.U4xDYhzZ.js:115:27)\n    at trace (file:///E:/code/quantmind/node_modules/vitest/dist/chunks/test.DqQZzsWf.js:234:21)\n    at runTest (file:///E:/code/quantmind/node_modules/@vitest/runner/dist/index.js:1654:12)"],"meta":{}},{"ancestorTitles":["strategyService","getStrategies"],"fullName":"strategyService getStrategies should normalize mixed backend strategy fields","status":"passed","title":"should normalize mixed backend strategy fields","duration":0.7979000000000269,"failureMessages":[],"meta":{}},{"ancestorTitles":["strategyService","startStrategy"],"fullName":"strategyService startStrategy should start strategy successfully","status":"passed","title":"should start strategy successfully","duration":0.45240000000012515,"failureMessages":[],"meta":{}},{"ancestorTitles":["strategyService","stopStrategy"],"fullName":"strategyService stopStrategy should stop strategy successfully","status":"passed","title":"should stop strategy successfully","duration":0.3022999999998319,"failureMessages":[],"meta":{}}],"startTime":1773854279419,"endTime":1773854279432.3022,"status":"failed","message":"","name":"E:/code/quantmind/electron/src/services/__tests__/strategyService.test.ts"},{"assertionResults":[{"ancestorTitles":["TradingService","getRecentTrades"],"fullName":"TradingService getRecentTrades 后端不可用时应该返回空列表并标记 isOffline","status":"passed","title":"后端不可用时应该返回空列表并标记 isOffline","duration":4.960900000000038,"failureMessages":[],"meta":{}},{"ancestorTitles":["TradingService","getRecentTrades"],"fullName":"TradingService getRecentTrades 成交接口返回数据时应该正确映射为 TradeRecord 格式","status":"passed","title":"成交接口返回数据时应该正确映射为 TradeRecord 格式","duration":1.228399999999965,"failureMessages":[],"meta":{}},{"ancestorTitles":["TradingService","getRecentTrades"],"fullName":"TradingService getRecentTrades 成交接口失败时应降级到订单接口","status":"passed","title":"成交接口失败时应降级到订单接口","duration":0.7011000000002241,"failureMessages":[],"meta":{}},{"ancestorTitles":["TradingService","getRecentTrades"],"fullName":"TradingService getRecentTrades 成交接口返回空列表时应该返回空记录","status":"passed","title":"成交接口返回空列表时应该返回空记录","duration":0.2580000000007203,"failureMessages":[],"meta":{}},{"ancestorTitles":["TradingService","getRecentTrades"],"fullName":"TradingService getRecentTrades 订单降级时应兼容状态大小写并支持未知状态","status":"passed","title":"订单降级时应兼容状态大小写并支持未知状态","duration":0.4355999999997948,"failureMessages":[],"meta":{}},{"ancestorTitles":["TradingService","Order 状态映射"],"fullName":"TradingService Order 状态映射 应该正确映射所有订单状态","status":"passed","title":"应该正确映射所有订单状态","duration":0.4334000000008018,"failureMessages":[],"meta":{}},{"ancestorTitles":["TradingService","cancelOrder"],"fullName":"TradingService cancelOrder 应携带 order_id 请求体调用取消接口","status":"passed","title":"应携带 order_id 请求体调用取消接口","duration":0.619499999999789,"failureMessages":[],"meta":{}},{"ancestorTitles":["TradingService","getTradeStats"],"fullName":"TradingService getTradeStats 应优先解析 daily_counts 时序字段","status":"passed","title":"应优先解析 daily_counts 时序字段","duration":0.34029999999984284,"failureMessages":[],"meta":{}},{"ancestorTitles":["TradingService","getTradeStats"],"fullName":"TradingService getTradeStats 后端仅返回旧汇总结构时应降级为空数组","status":"passed","title":"后端仅返回旧汇总结构时应降级为空数组","duration":0.18440000000009604,"failureMessages":[],"meta":{}}],"startTime":1773854282315,"endTime":1773854282324.3403,"status":"passed","message":"","name":"E:/code/quantmind/electron/src/services/__tests__/tradingService.test.ts"},{"assertionResults":[{"ancestorTit
[...]
cktestId","status":"passed","title":"connectProgress应该拒绝空的backtestId","duration":0.2481999999999971,"failureMessages":[],"meta":{}},{"ancestorTitles":["QlibBacktestService","WebSocket管理"],"fullName":"QlibBacktestService WebSocket管理 isProgressConnected应该返回false对于未连接的ID","status":"passed","title":"isProgressConnected应该返回false对于未连接的ID","duration":0.19099999999980355,"failureMessages":[],"meta":{}}],"startTime":1773854278706,"endTime":1773854283715.2522,"status":"failed","message":"","name":"E:/code/quantmind/electron/src/services/qlib/__tests__/qlibBacktestService.test.ts"},{"assertionResults":[{"ancestorTitles":["CacheService"],"fullName":"CacheService 应该能够设置和获取缓存","status":"passed","title":"应该能够设置和获取缓存","duration":1.2078000000001339,"failureMessages":[],"meta":{}},{"ancestorTitles":["CacheService"],"fullName":"CacheService 应该能够处理缓存过期","status":"passed","title":"应该能够处理缓存过期","duration":158.57679999999982,"failureMessages":[],"meta":{}},{"ancestorTitles":["CacheService"],"fullName":"CacheService 应该能够检查缓存是否存在","status":"passed","title":"应该能够检查缓存是否存在","duration":0.46929999999974825,"failureMessages":[],"meta":{}},{"ancestorTitles":["CacheService"],"fullName":"CacheService 应该能够删除缓存","status":"passed","title":"应该能够删除缓存","duration":0.16919999999981883,"failureMessages":[],"meta":{}},{"ancestorTitles":["CacheService"],"fullName":"CacheService 应该能够清空缓存","status":"passed","title":"应该能够清空缓存","duration":0.16709999999966385,"failureMessages":[],"meta":{}},{"ancestorTitles":["CacheService"],"fullName":"CacheService 应该能够批量操作","status":"passed","title":"应该能够批量操作","duration":0.2563999999997577,"failureMessages":[],"meta":{}},{"ancestorTitles":["CacheService"],"fullName":"CacheService 应该能够获取统计信息","status":"passed","title":"应该能够获取统计信息","duration":0.275300000000243,"failureMessages":[],"meta":{}},{"ancestorTitles":["CacheService"],"fullName":"CacheService 应该能够触发LRU淘汰","status":"passed","title":"应该能够触发LRU淘汰","duration":0.939600000000155,"failureMessages":[],"meta":{}},{"ancestorTitles":["CacheService"],"fullName":"CacheService 应该能够getOrSet","status":"passed","title":"应该能够getOrSet","duration":0.2118000000000393,"failureMessages":[],"meta":{}},{"ancestorTitles":["PreloadStrategy"],"fullName":"PreloadStrategy 应该能够添加预加载任务","status":"passed","title":"应该能够添加预加载任务","duration":0.5333999999998014,"failureMessages":[],"meta":{}},{"ancestorTitles":["PreloadStrategy"],"fullName":"PreloadStrategy 应该能够处理预加载队列","status":"passed","title":"应该能够处理预加载队列","duration":210.43960000000015,"failureMessages":[],"meta":{}},{"ancestorTitles":["PreloadStrategy"],"fullName":"PreloadStrategy 应该能够记录访问历史","status":"passed","title":"应该能够记录访问历史","duration":0.40239999999994325,"failureMessages":[],"meta":{}},{"ancestorTitles":["PreloadStrategy"],"fullName":"PreloadStrategy 应该能够获取状态","status":"passed","title":"应该能够获取状态","duration":0.5540999999998348,"failureMessages":[],"meta":{}},{"ancestorTitles":["CacheWarmer"],"fullName":"CacheWarmer 应该能够注册预热任务","status":"passed","title":"应该能够注册预热任务","duration":0.43220000000019354,"failureMessages":[],"meta":{}},{"ancestorTitles":["CacheWarmer"],"fullName":"CacheWarmer 应该能够执行预热","status":"passed","title":"应该能够执行预热","duration":0.667699999999968,"failureMessages":[],"meta":{}},{"ancestorTitles":["CacheWarmer"],"fullName":"CacheWarmer 应该能够批量注册任务","status":"passed","title":"应该能够批量注册任务","duration":0.2531000000003587,"failureMessages":[],"meta":{}},{"ancestorTitles":["CacheWarmer"],"fullName":"CacheWarmer 应该能够获取预热状态","status":"passed","title":"应该能够获取预热状态","duration":0.4048999999999978,"failureMessages":[],"meta":{}}],"startTime":1773854279672,"endTime":1773854280048.4048,"status":"passed","message":"","name":"E:/code/quantmind/electron/src/services/storage/__tests__/Cache.test.ts"},{"assertionResults":[{"ancestorTitles":["KlineStorage"],"fullName":"KlineStorage 应该能够保存K线数据","status":"failed","title":"应该能够保存K线数据","duration":4.7620999999999185,"failureMessages":["ReferenceError: indexedDB is not defined\n    at E:/code/quantmind/electron/src/services/storage/StorageService.ts:24:23\n    at new Promise (<anonymous>)\n    at KlineStorage.init (E:/code/quantmind/electron/src/services/storage/StorageService.ts:23:12)\n    at E:/code/quantmind/electron/src/services/storage/__tests__/Storage.test.ts:13:19\n    at file:///E:/code/quantmind/node_modules/@vitest/runner/dist/index.js:145:11\n    at file:///E:/code/quantmind/node_modules/@vitest/runner/dist/index.js:1244:20\n    at new Promise (<anonymous>)\n    at runWithTimeout (file:///E:/code/quantmind/node_modules/@vitest/runner/dist/index.js:1210:10)\n    at runHook (file:///E:/code/quantmind/node_modules/@vitest/runner/dist/index.js:1515:51)\n    at callSuiteHook (file:///E:/code/quantmind/node_modules/@vitest/runner/dist/index.js:1521:25)"],"meta":{}},{"ancestorTitles":["KlineStorage"],"fullName":"KlineStorage 应该能够获取K线统计","status":"failed","title":"应该能够获取K线统计","duration":1.7145000000000437,"failureMessages":["ReferenceError: indexedDB is not defined\n    at E:/code/quantmind/electron/src/services/storage/StorageService.ts:24:23\n    at new Promise (<anonymous>)\n    at KlineStorage.init (E:/code/quantmind/electron/src/services/storage/StorageService.ts:23:12)\n    at E:/code/quantmind/electron/src/services/storage/__tests__/Storage.test.ts:13:19\n    at file:///E:/code/quantmind/node_modules/@vitest/runner/dist/index.js:145:11\n    at file:///E:/code/quantmind/node_modules/@vitest/runner/dist/index.js:1244:20\n    at new Promise (<anonymous>)\n    at runWithTimeout (file:///E:/code/quantmind/node_modules/@vitest/runner/dist/index.js:1210:10)\n    at runHook (file:///E:/code/quantmind/node_modules/@vitest/runner/dist/index.js:1515:51)\n    at callSuiteHook (file:///E:/code/quantmind/node_modules/@vitest/runner/dist/index.js:1521:25)"],"meta":{}},{"ancestorTitles":["TradeStorage"],"fullName":"TradeStorage 应该能够保存交易记录","status":"failed","title":"应该能够保存交易记录","duration":1.060399999999845,"failureMessages":["ReferenceError: indexedDB is not defined\n    at E:/code/quantmind/electron/src/services/storage/StorageService.ts:24:23\n    at new Promise (<anonymous>)\n    at TradeStorage.init (E:/code/quantmind/electron/src/services/storage/StorageService.ts:23:12)\n    at E:/code/quantmind/electron/src/services/storage/__tests__/Storage.test.ts:52:19\n    at file:///E:/code/quantmind/node_modules/@vitest/runner/dist/index.js:145:11\n    at file:///E:/code/quantmind/node_modules/@vitest/runner/dist/index.js:1244:20\n    at new Promise (<anonymous>)\n    at runWithTimeout (file:///E:/code/quantmind/node_modules/@vitest/runner/dist/index.js:1210:10)\n    at runHook (file:///E:/code/quantmind/node_modules/@vitest/runner/dist/index.js:1515:51)\n    at callSuiteHook (file:///E:/code/quantmind/node_modules/@vitest/runner/dist/index.js:1521:25)"],"meta":{}},{"ancestorTitles":["TradeStorage"],"fullName":"TradeStorage 应该能够保存订单记录","status":"failed","title":"应该能够保存订单记录","duration":0.48129999999991924,"failureMessages":["ReferenceError: indexedDB is not defined\n    at E:/code/quantmind/electron/src/services/storage/StorageService.ts:24:23\n    at new Promise (<anonymous>)\n    at TradeStorage.init (E:/code/quantmind/electron/src/services/storage/StorageService.ts:23:12)\n    at E:/code/quantmind/electron/src/services/storage/__tests__/Storage.test.ts:52:19\n    at file:///E:/code/quantmind/node_modules/@vitest/runner/dist/index.js:145:11\n    at file:///E:/code/quantmind/node_modules/@vitest/runner/dist/index.js:1244:20\n    at new Promise (<anonymous>)\n    at runWithTimeout (file:///E:/code/quantmind/node_modules/@vitest/runner/dist/index.js:1210:10)\n    at runHook (file:///E:/code/quantmind/node_modules/@vitest/runner/dist/index.js:1515:51)\n    at callSuiteHook (file:///E:/code/quantmind/node_modules/@vitest/runner/dist/index.js:1521:25)"],"meta":{}},{"ancestorTitles":["ConfigStorage"],"fullName":"ConfigStorage 应该能够保存策略配置","status":"failed","title":"应该能够保存策略配置","duration":0.5615999999999985,"failureMessages":["ReferenceError: indexedDB is not defined\n    at E:/code/quantmind/electron/src/services/storage/StorageService.ts:24:23\n    at new Promise (<anonymous>)\n    at ConfigStorage.init (E:/code/quantmind/electron/src/services/storage/StorageService.ts:23:12)\n    at E:/code/quantmind/electron/src/services/storage/__tests__/Storage.test.ts:104:19\n    at file:///E:/code/quantmind/node_modules/@vitest/runner/dist/index.js:145:11\n    at file:///E:/code/quantmind/node_modules/@vitest/runner/dist/index.js:1244:20\n    at new Promise (<anonymous>)\n    at runWithTimeout (file:///E:/code/quantmind/node_modules/@vitest/runner/dist/index.js:1210:10)\n    at runHook (file:///E:/code/quantmind/node_modules/@vitest/runner/dist/index.js:1515:51)\n    at callSuiteHook (file:///E:/code/quantmind/node_modules/@vitest/runner/dist/index.js:1521:25)"],"meta":{}},{"ancestorTitles":["ConfigStorage"],"fullName":"ConfigStorage 应该能够设置和获取配置","status":"failed","title":"应该能够设置和获取配置","duration":0.41909999999961656,"failureMessages":["ReferenceError: indexedDB is not defined\n    at E:/code/quantmind/electron/src/services/storage/StorageService.ts:24:23\n    at new Promise (<anonymous>)\n    at ConfigStorage.init (E:/code/quantmind/electron/src/services/storage/StorageService.ts:23:12)\n    at E:/code/quantmind/electron/src/services/storage/__tests__/Storage.test.ts:104:19\n    at file:///E:/code/quantmind/node_modules/@vitest/runner/dist/index.js:145:11\n    at file:///E:/code/quantmind/node_modules/@vitest/runner/dist/index.js:1244:20\n    at new Promise (<anonymous>)\n    at runWithTimeout (file:///E:/code/quantmind/node_modules/@vitest/runner/dist/index.js:1210:10)\n    at runHook (file:///E:/code/quantmind/node_modules/@vitest/runner/dist/index.js:1515:51)\n    at callSuiteHook (file:///E:/code/quantmind/node_modules/@vitest/runner/dist/index.js:1521:25)"],"meta":{}},{"ancestorTitles":["ConfigStorage"],"fullName":"ConfigStorage 应该能够导出配置","status":"failed","title":"应该能够导出配置","duration":0.37809999999990396,"failureMessages":["ReferenceError: indexedDB is not defined\n    at E:/code/quantmind/electron/src/services/storage/StorageService.ts:24:23\n    at new Promise (<anonymous>)\n    at ConfigStorage.init (E:/code/quantmind/electron/src/services/storage/StorageService.ts:23:12)\n    at E:/code/quantmind/electron/src/services/storage/__tests__/Storage.test.ts:104:19\n    at file:///E:/code/quantmind/node_modules/@vitest/runner/dist/index.js:145:11\n    at file:///E:/code/quantmind/node_modules/@vitest/runner/dist/index.js:1244:20\n    at new Promise (<anonymous>)\n    at runWithTimeout (file:///E:/code/quantmind/node_modules/@vitest/runner/dist/index.js:1210:10)\n    at runHook (file:///E:/code/quantmind/node_modules/@vitest/runner/dist/index.js:1515:51)\n    at callSuiteHook (file:///E:/code/quantmind/node_modules/@vitest/runner/dist/index.js:1521:25)"],"meta":{}}],"startTime":1773854279570,"endTime":1773854279580.4192,"status":"failed","message":"","name":"E:/code/quantmind/electron/src/services/storage/__tests__/Storage.test.ts"},{"assertionResults":[{"ancestorTitles":["SyncService"],"fullName":"SyncService 应该能够注册存储","status":"passed","title":"应该能够注册存储","duration":1.1091000000001259,"failureMessages":[],"meta":{}},{"ancestorTitles":["SyncService"],"fullName":"SyncService 应该能够执行同步","status":"passed","title":"应该能够执行同步","duration":1.2483000000001994,"failureMessages":[],"meta":{}},{"ancestorTitles":["SyncService"],"fullName":"SyncService 应该能够获取所有同步状态","status":"passed","title":"应该能够获取所有同步状态","duration":0.33390000000008513,"failureMessages":[],"meta":{}},{"ancestorTitles":["OfflineQueue"],"fullName":"OfflineQueue 应该能够添加请求到队列","status":"passed","title":"应该能够添加请求到队列","duration":1.571100000000115,"failureMessages":[],"meta":{}},{"ancestorTitles":["OfflineQueue"],"fullName":"OfflineQueue 应该能够移除请求","status":"passed","title":"应该能够移除请求","duration":0.76949999999988,"failureMessages":[],"meta":{}},{"ancestorTitles":["OfflineQueue"],"fullName":"OfflineQueue 应该能够清空队列","status":"passed","title":"应该能够清空队列","duration":0.6004000000002634,"failureMessages":[],"meta":{}},{"ancestorTitles":["ConflictResolver"],"fullName":"ConflictResolver 应该能够检测冲突","status":"passed","title":"应该能够检测冲突","duration":0.30709999999999127,"failureMessages":[],"meta":{}},{"ancestorTitles":["ConflictResolver"],"fullName":"ConflictResolver 应该能够使用远程数据解决冲突","status":"passed","title":"应该能够使用远程数据解决冲突","duration":0.2763999999997395,"failureMessages":[],"meta":{}},{"ancestorTitles":["ConflictResolver"],"fullName":"ConflictResolver 应该能够使用本地数据解决冲突","status":"passed","title":"应该能够使用本地数据解决冲突","duration":0.2729000000003907,"failureMessages":[],"meta":{}},{"ancestorTitles":["ConflictResolver"],"fullName":"ConflictResolver 应该能够批量解决冲突","status":"passed","title":"应该能够批量解决冲突","duration":0.4153999999998632,"failureMessages":[],"meta":{}}],"startTime":1773854279705,"endTime":1773854279712.4153,"status":"passed","message":"","name":"E:/code/quantmind/electron/src/services/storage/__tests__/Sync.test.ts"},{"assertionResults":[{"ancestorTitles":["WebSocketClient","连接管理"],"fullName":"WebSocketClient 连接管理 应该能够成功连接","status":"passed","title":"应该能够成功连接","duration":23.017399999999725,"failureMessages":[],"meta":{}},{"ancestorTitles":["WebSocketClient","连接管理"],"fullName":"WebSocketClient 连接管理 应该能够断开连接","status":"passed","title":"应该能够断开连接","duration":14.797300000000178,"failureMessages":[],"meta":{}},{"ancestorTitles":["WebSocketClient","连接管理"],"fullName":"WebSocketClient 连接管理 应该能够获取连接信息","status":"passed","title":"应该能够获取连接信息","duration":15.307300000000396,"failureMessages":[],"meta":{}},{"ancestorTitles":["WebSocketClient","事件系统"],"fullName":"WebSocketClient 事件系统 应该能够注册和触发事件处理器","status":"passed","title":"应该能够注册和触发事件处理器","duration":16.631900000000314,"failureMessages":[],"meta":{}},{"ancestorTitles":["WebSocketClient","事件系统"],"fullName":"WebSocketClient 事件系统 应该能够移除事件处理器","status":"passed","title":"应该能够移除事件处理器","duration":14.465099999999893,"failureMessages":[],"meta":{}},{"ancestorTitles":["WebSocketClient","频道订阅"],"fullName":"WebSocketClient 频道订阅 应该能够订阅频道","status":"passed","title":"应该能够订阅频道","duration":15.701200000000426,"failureMessages":[],"meta":{}},{"ancestorTitles":["WebSocketClient","频道订阅"],"fullName":"WebSocketClient 频道订阅 应该能够取消订阅频道","status":"passed","title":"应该能够取消订阅频道","duration":15.56269999999995,"failureMessages":[],"meta":{}},{"ancestorTitles":["WebSocketClient","消息队列"],"fullName":"WebSocketClient 消息队列 未连接时消息应该进入队列","status":"passed","title":"未连接时消息应该进入队列","duration":0.2867999999998574,"failureMessages":[],"meta":{}},{"ancestorTitles":["WebSocketClient","消息队列"],"fullName":"WebSocketClient 消息队列 连接后应该刷新消息队列","status":"passed","title":"连接后应该刷新消息队列","duration":80.22400000000016,"failureMessages":[],"meta":{}},{"ancestorTitles":["WebSocketClient","状态监听"],"fullName":"WebSocketClient 状态监听 应该能够监听状态变化","status":"passed","title":"应该能够监听状态变化","duration":15.427899999999681,"failureMessages":[],"meta":{}},{"ancestorTitles":["WebSocketClient","状态监听"],"fullName":"WebSocketClient 状态监听 应该能够取消状态监听","status":"passed","title":"应该能够取消状态监听","duration":15.194500000000062,"failureMessages":[],"meta":{}}],"startTime":1773854279605,"endTime":1773854279832.1946,"status":"passed","message":"","name":"E:/code/quantmind/electron/src/services/websocket/__tests__/WebSocketClient.test.ts"},{"assertionResults":[],"startTime":1773854276243,"endTime":1773854276243,"status":"failed","message":"Failed to resolve import \"../../alert/AlertService\" from \"src/services/__tests__/alert/AlertService.test.ts\". Does the file exist?","name":"E:/code/quantmind/electron/src/services/__tests__/alert/AlertService.test.ts"},{"assertionResults":[{"ancestorTitles":["BacktestEngine"],"fullName":"BacktestEngine 应该成功执行简单策略","status":"passed","title":"应该成功执行简单策略","duration":2.3157999999998538,"failureMessages":[],"meta":{}},{"ancestorTitles":["BacktestEngine"],"fullName":"BacktestEngine 应该正确计算双均线策略","status":"passed","title":"应该正确计算双均线策略","duration":9.117600000000039,"failureMessages":[],"meta":{}},{"ancestorTitles":["BacktestEngine"],"fullName":"BacktestEngine 应该正确处理手续费和滑点","status":"passed","title":"应该正确处理手续费和滑点","duration":0.5941000000002532,"failureMessages":[],"meta":{}},{"ancestorTitles":["BacktestEngine"],"fullName":"BacktestEngine 应该正确计算绩效指标","status":"passed","title":"应该正确计算绩效指标","duration":0.5972000000001572,"failureMessages":[],"meta":{}},{"ancestorTitles":["BacktestEngine"],"fullName":"BacktestEngine 应该生成正确的权益曲线","status":"passed","title":"应该生成正确的权益曲线","duration":0.6745999999998276,"failureMessages":[],"meta":{}},{"ancestorTitles":["BacktestEngine"],"fullName":"BacktestEngine 应该返回执行时间","status":"passed","title":"应该返回执行时间","duration":7.9399999999996,"failureMessages":[],"meta":{}},{"ancestorTitles":["BacktestEngine"],"fullName":"BacktestEngine 应该正确处理空策略","status":"passed","title":"应该正确处理空策略","duration":0.4806000000003223,"failureMessages":[],"meta":{}},{"ancestorTitles":["BacktestEngine"],"fullName":"BacktestEngine 应该调用策略的initialize和finalize方法","status":"passed","title":"应该调用策略的initialize和finalize方法","duration":0.3251000000000204,"failureMessages":[],"meta":{}}],"startTime":1773854279739,"endTime":1773854279761.4807,"status":"passed","message":"","name":"E:/code/quantmind/electron/src/services/__tests__/backtest/BacktestEngine.test.ts"},{"assertionResults":[{"ancestorTitles":["PerformanceCalculator","calculateDrawdown"],"fullName":"PerformanceCalculator calculateDrawdown 应该正确计算最大回撤","status":"passed","title":"应该正确计算最大回撤","duration":1.1570999999999003,"failureMessages":[],"meta":{}},{"ancestorTitles":["PerformanceCalculator","calculateDrawdown"],"fullName":"PerformanceCalculator calculateDrawdown 应该在没有回撤时返回0","status":"passed","title":"应该在没有回撤时返回0","duration":0.37030000000004293,"failureMessages":[],"meta":{}},{"ancestorTitles":["PerformanceCalculator","calculateDrawdown"],"fullName":"PerformanceCalculator calculateDrawdown 应该正确识别回撤期","status":"passed","title":"应该正确识别回撤期","duration":0.30179999999973006,"failureMessages":[],"meta":{}},{"ancestorTitles":["PerformanceCalculator","buildEquityCurve"],"fullName":"PerformanceCalculator buildEquityCurve 应该正确构建权益曲线","status":"passed","title":"应该正确构建权益曲线","duration":0.4082000000003063,"failureMessages":[],"meta":{}},{"ancestorTitles":["PerformanceCalculator","buildEquityCurve"],"fullName":"PerformanceCalculator buildEquityCurve 应该正确计算累计盈亏","status":"passed","title":"应该正确计算累计盈亏","duration":0.27739999999994325,"failureMessages":[],"meta":{}},{"ancestorTitles":["PerformanceCalculator","calculateMetrics"],"fullName":"PerformanceCalculator calculateMetrics 应该计算完整的绩效指标","status":"passed","title":"应该计算完整的绩效指标","duration":1.1930999999999585,"failureMessages":[],"meta":{}},{"ancestorTitles":["PerformanceCalculator","calculateMetrics"],"fullName":"PerformanceCalculator calculateMetrics 应该正确计算胜率","status":"passed","title":"应该正确计算胜率","duration":0.468199999999797,"failureMessages":[],"meta":{}},{"ancestorTitles":["PerformanceCalculator","calculateSortinoRatio"],"fullName":"PerformanceCalculator calculateSortinoRatio 应该计算索提诺比率","status":"passed","title":"应该计算索提诺比率","duration":0.35019999999985885,"failureMessages":[],"meta":{}},{"ancestorTitles":["PerformanceCalculator","calculateSortinoRatio"],"fullName":"PerformanceCalculator calculateSortinoRatio 应该在没有下行风险时返回0","status":"passed","title":"应该在没有下行风险时返回0","duration":0.1934000000001106,"failureMessages":[],"meta":{}},{"ancestorTitles":["PerformanceCalculator","calculateCalmarRatio"],"fullName":"PerformanceCalculator calculateCalmarRatio 应该计算卡玛比率","status":"passed","title":"应该计算卡玛比率","duration":0.19909999999981665,"failureMessages":[],"meta":{}},{"ancestorTitles":["PerformanceCalculator","calculateCalmarRatio"],"fullName":"PerformanceCalculator calculateCalmarRatio 应该在最大回撤为0时返回0","status":"passed","title":"应该在最大回撤为0时返回0","duration":0.11940000000004147,"failureMessages":[],"meta":{}}],"startTime":1773854279706,"endTime":1773854279711.1992,"status":"passed","message":"","name":"E:/code/quantmind/electron/src/services/__tests__/backtest/PerformanceCalculator.test.ts"}]}